
**** Build of configuration Device-Release for project BBMQtInviteToDownload ****

make Device-Release 
C:/bbndk/host_10_0_9_52/win32/x86/usr/bin/qmake -spec unsupported/blackberry-armv7le-qcc -o arm/Makefile BBMQtInviteToDownload.pro CONFIG+=device
WARNING: Failure to find: ../src/*.h
WARNING: Failure to find: ../src/*.h
C:/bbndk/host_10_0_9_52/win32/x86/usr/bin/qmake -spec unsupported/blackberry-x86-qcc -o x86/Makefile BBMQtInviteToDownload.pro CONFIG+=simulator
WARNING: Failure to find: ../src/*.h
WARNING: Failure to find: ../src/*.h
make -C ./translations -f Makefile update release
make[1]: Entering directory `C:/Users/Jason/Documents/blackberry-workspace/blackberry/BBMQtInviteToDownload/translations'
C:/bbndk/host_10_0_9_52/win32/x86/usr/bin/lupdate BBMQtInviteToDownload.pro
Updating 'BBMQtInviteToDownload_en_GB.ts'...
    Found 0 source text(s) (0 new and 0 already existing)
Updating 'BBMQtInviteToDownload_fr.ts'...
    Found 0 source text(s) (0 new and 0 already existing)
Updating 'BBMQtInviteToDownload_it.ts'...
    Found 0 source text(s) (0 new and 0 already existing)
Updating 'BBMQtInviteToDownload_de.ts'...
    Found 0 source text(s) (0 new and 0 already existing)
Updating 'BBMQtInviteToDownload_es.ts'...
    Found 0 source text(s) (0 new and 0 already existing)
Updating 'BBMQtInviteToDownload.ts'...
    Found 0 source text(s) (0 new and 0 already existing)
C:/bbndk/host_10_0_9_52/win32/x86/usr/bin/lrelease BBMQtInviteToDownload.pro
Could not find qmake configuration directoryCould not read qmake configuration file C:/bbndk/target_10_0_9_386/qnx6/usr/share/qt4/mkspecs/qmake.confUsing OS scope before setting MAKEFILE_GENERATORC:/bbndk/target_10_0_9_386/qnx6/usr/share/qt4/mkspecs/features/debug_and_release.prf(1): Using OS scope before setting MAKEFILE_GENERATORC:/bbndk/target_10_0_9_386/qnx6/usr/share/qt4/mkspecs/features/qt.prf(4): Using OS scope before setting MAKEFILE_GENERATORC:/bbndk/target_10_0_9_386/qnx6/usr/share/qt4/mkspecs/features/qt.prf(36): Using OS scope before setting MAKEFILE_GENERATORC:/bbndk/target_10_0_9_386/qnx6/usr/share/qt4/mkspecs/features/qt.prf(197): 'qtAddLibrary' is not a recognized test functionC:/bbndk/target_10_0_9_386/qnx6/usr/share/qt4/mkspecs/features/qt.prf(197): 'qtAddLibrary' is not a recognized test functionC:/bbndk/target_10_0_9_386/qnx6/usr/share/qt4/mkspecs/features/qt.prf(197): 'qtAddLibrary' is not a recognized test functionC:/bbndk/target_10_0_9_386/qnx6/usr/share/qt4/mkspecs/features/qt.prf(197): 'qtAddLibrary' is not a recognized test functionC:/bbndk/target_10_0_9_386/qnx6/usr/share/qt4/mkspecs/features/qt.prf(197): 'qtAddLibrary' is not a recognized test functionC:/bbndk/target_10_0_9_386/qnx6/usr/share/qt4/mkspecs/features/qt.prf(197): 'qtAddLibrary' is not a recognized test functionC:/bbndk/target_10_0_9_386/qnx6/usr/share/qt4/mkspecs/features/qt.prf(197): 'qtAddLibrary' is not a recognized test functionC:/bbndk/target_10_0_9_386/qnx6/usr/share/qt4/mkspecs/features/qt.prf(213): Using OS scope before setting MAKEFILE_GENERATORC:/bbndk/target_10_0_9_386/qnx6/usr/share/qt4/mkspecs/features/moc.prf(3): 'qtPrepareTool' is not a recognized test functionC:/bbndk/target_10_0_9_386/qnx6/usr/share/qt4/mkspecs/features/moc.prf(12): Using OS scope before setting MAKEFILE_GENERATORC:/bbndk/target_10_0_9_386/qnx6/usr/share/qt4/mkspecs/features/moc.prf(97): Using OS scope before setting MAKEFILE_GENERATORC:/bbndk/target_10_0_9_386/qnx6/usr/share/qt4/mkspecs/features/uic.prf(108): Using OS scope before setting MAKEFILE_GENERATORThe directory name is invalid.
Updating 'C:/Users/Jason/Documents/blackberry-workspace/blackberry/BBMQtInviteToDownload/translations/BBMQtInviteToDownload_en_GB.qm'...
    Generated 0 translation(s) (0 finished and 0 unfinished)
Updating 'C:/Users/Jason/Documents/blackberry-workspace/blackberry/BBMQtInviteToDownload/translations/BBMQtInviteToDownload_fr.qm'...
    Generated 0 translation(s) (0 finished and 0 unfinished)
Updating 'C:/Users/Jason/Documents/blackberry-workspace/blackberry/BBMQtInviteToDownload/translations/BBMQtInviteToDownload_it.qm'...
    Generated 0 translation(s) (0 finished and 0 unfinished)
Updating 'C:/Users/Jason/Documents/blackberry-workspace/blackberry/BBMQtInviteToDownload/translations/BBMQtInviteToDownload_de.qm'...
    Generated 0 translation(s) (0 finished and 0 unfinished)
Updating 'C:/Users/Jason/Documents/blackberry-workspace/blackberry/BBMQtInviteToDownload/translations/BBMQtInviteToDownload_es.qm'...
    Generated 0 translation(s) (0 finished and 0 unfinished)
Updating 'C:/Users/Jason/Documents/blackberry-workspace/blackberry/BBMQtInviteToDownload/translations/BBMQtInviteToDownload.qm'...
    Generated 0 translation(s) (0 finished and 0 unfinished)
make[1]: Leaving directory `C:/Users/Jason/Documents/blackberry-workspace/blackberry/BBMQtInviteToDownload/translations'
make -C ./arm -f Makefile release
make[1]: Entering directory `C:/Users/Jason/Documents/blackberry-workspace/blackberry/BBMQtInviteToDownload/arm'
make -f Makefile.Release
make[2]: Entering directory `C:/Users/Jason/Documents/blackberry-workspace/blackberry/BBMQtInviteToDownload/arm'
make[2]: Nothing to be done for `first'.
make[2]: Leaving directory `C:/Users/Jason/Documents/blackberry-workspace/blackberry/BBMQtInviteToDownload/arm'
make[1]: Leaving directory `C:/Users/Jason/Documents/blackberry-workspace/blackberry/BBMQtInviteToDownload/arm'
Could not find qmake configuration directoryCould not find qmake configuration fileUsing OS scope before setting MAKEFILE_GENERATOR

**** Build Finished ****
