
**** Build of configuration Device-Debug for project CascadesScoreloopSample ****

make Device-Debug 
/Applications/bbndk/host_10_0_9_52/darwin/x86/usr/bin/qmake -spec unsupported/blackberry-armv7le-qcc -o arm/Makefile CascadesScoreloopSample.pro CONFIG+=device
WARNING: Failure to find: ../src/*.h
WARNING: Failure to find: ../src/*.h
/Applications/bbndk/host_10_0_9_52/darwin/x86/usr/bin/qmake -spec unsupported/blackberry-x86-qcc -o x86/Makefile CascadesScoreloopSample.pro CONFIG+=simulator
WARNING: Failure to find: ../src/*.h
WARNING: Failure to find: ../src/*.h
make -C ./translations -f Makefile update release
make[1]: Entering directory `/Users/jaiaca/blackberry/CascadesScoreloopSample/translations'
/Applications/bbndk/host_10_0_9_52/darwin/x86/usr/bin/lupdate CascadesScoreloopSample.pro
Updating 'CascadesScoreloopSample_en_GB.ts'...
    Found 5 source text(s) (0 new and 5 already existing)
Updating 'CascadesScoreloopSample_fr.ts'...
    Found 5 source text(s) (0 new and 5 already existing)
Updating 'CascadesScoreloopSample_it.ts'...
    Found 5 source text(s) (0 new and 5 already existing)
Updating 'CascadesScoreloopSample_de.ts'...
    Found 5 source text(s) (0 new and 5 already existing)
Updating 'CascadesScoreloopSample_es.ts'...
    Found 5 source text(s) (0 new and 5 already existing)
Updating 'CascadesScoreloopSample.ts'...
    Found 5 source text(s) (0 new and 5 already existing)
/Applications/bbndk/host_10_0_9_52/darwin/x86/usr/bin/lrelease CascadesScoreloopSample.pro
Updating '/Users/jaiaca/blackberry/CascadesScoreloopSample/translations/CascadesScoreloopSample_en_GB.qm'...
    Generated 0 translation(s) (0 finished and 0 unfinished)
    Ignored 5 untranslated source text(s)
Updating '/Users/jaiaca/blackberry/CascadesScoreloopSample/translations/CascadesScoreloopSample_fr.qm'...
    Generated 0 translation(s) (0 finished and 0 unfinished)
    Ignored 5 untranslated source text(s)
Updating '/Users/jaiaca/blackberry/CascadesScoreloopSample/translations/CascadesScoreloopSample_it.qm'...
    Generated 0 translation(s) (0 finished and 0 unfinished)
    Ignored 5 untranslated source text(s)
Updating '/Users/jaiaca/blackberry/CascadesScoreloopSample/translations/CascadesScoreloopSample_de.qm'...
Could not find qmake configuration directoryCould not read qmake configuration file /Applications/bbndk/target_10_0_9_386/qnx6/usr/share/qt4/mkspecs/qmake.confUsing OS scope before setting MAKEFILE_GENERATOR/Applications/bbndk/target_10_0_9_386/qnx6/usr/share/qt4/mkspecs/features/debug_and_release.prf(1): Using OS scope before setting MAKEFILE_GENERATOR/Applications/bbndk/target_10_0_9_386/qnx6/usr/share/qt4/mkspecs/features/qt.prf(4): Using OS scope before setting MAKEFILE_GENERATOR/Applications/bbndk/target_10_0_9_386/qnx6/usr/share/qt4/mkspecs/features/qt.prf(36): Using OS scope before setting MAKEFILE_GENERATOR/Applications/bbndk/target_10_0_9_386/qnx6/usr/share/qt4/mkspecs/features/qt.prf(197): 'qtAddLibrary' is not a recognized test function/Applications/bbndk/target_10_0_9_386/qnx6/usr/share/qt4/mkspecs/features/qt.prf(197): 'qtAddLibrary' is not a recognized test function/Applications/bbndk/target_10_0_9_386/qnx6/usr/share/qt4/mkspecs/features/qt.prf(197): 'qtAddLibrary' is not a recognized test function/Applications/bbndk/target_10_0_9_386/qnx6/usr/share/qt4/mkspecs/features/qt.prf(197): 'qtAddLibrary' is not a recognized test function/Applications/bbndk/target_10_0_9_386/qnx6/usr/share/qt4/mkspecs/features/qt.prf(197): 'qtAddLibrary' is not a recognized test function/Applications/bbndk/target_10_0_9_386/qnx6/usr/share/qt4/mkspecs/features/qt.prf(197): 'qtAddLibrary' is not a recognized test function/Applications/bbndk/target_10_0_9_386/qnx6/usr/share/qt4/mkspecs/features/qt.prf(197): 'qtAddLibrary' is not a recognized test function/Applications/bbndk/target_10_0_9_386/qnx6/usr/share/qt4/mkspecs/features/qt.prf(213): Using OS scope before setting MAKEFILE_GENERATOR/Applications/bbndk/target_10_0_9_386/qnx6/usr/share/qt4/mkspecs/features/moc.prf(3): 'qtPrepareTool' is not a recognized test function/Applications/bbndk/target_10_0_9_386/qnx6/usr/share/qt4/mkspecs/features/moc.prf(12): Using OS scope before setting MAKEFILE_GENERATOR/Applications/bbndk/target_10_0_9_386/qnx6/usr/share/qt4/mkspecs/features/moc.prf(97): Using OS scope before setting MAKEFILE_GENERATOR/Applications/bbndk/target_10_0_9_386/qnx6/usr/share/qt4/mkspecs/features/uic.prf(108): Using OS scope before setting MAKEFILE_GENERATORCould not find qmake configuration directoryCould not read qmake configuration file /Applications/bbndk/target_10_0_9_386/qnx6/usr/share/qt4/mkspecs/qmake.confUsing OS scope before setting MAKEFILE_GENERATOR/Applications/bbndk/target_10_0_9_386/qnx6/usr/share/qt4/mkspecs/features/debug_and_release.prf(1): Using OS scope before setting MAKEFILE_GENERATOR/Applications/bbndk/target_10_0_9_386/qnx6/usr/share/qt4/mkspecs/features/qt.prf(4): Using OS scope before setting MAKEFILE_GENERATOR/Applications/bbndk/target_10_0_9_386/qnx6/usr/share/qt4/mkspecs/features/qt.prf(36): Using OS scope before setting MAKEFILE_GENERATOR/Applications/bbndk/target_10_0_9_386/qnx6/usr/share/qt4/mkspecs/features/qt.prf(197): 'qtAddLibrary' is not a recognized test function/Applications/bbndk/target_10_0_9_386/qnx6/usr/share/qt4/mkspecs/features/qt.prf(197): 'qtAddLibrary' is not a recognized test function/Applications/bbndk/target_10_0_9_386/qnx6/usr/share/qt4/mkspecs/features/qt.prf(197): 'qtAddLibrary' is not a recognized test function/Applications/bbndk/target_10_0_9_386/qnx6/usr/share/qt4/mkspecs/features/qt.prf(197): 'qtAddLibrary' is not a recognized test function/Applications/bbndk/target_10_0_9_386/qnx6/usr/share/qt4/mkspecs/features/qt.prf(197): 'qtAddLibrary' is not a recognized test function/Applications/bbndk/target_10_0_9_386/qnx6/usr/share/qt4/mkspecs/features/qt.prf(197): 'qtAddLibrary' is not a recognized test function/Applications/bbndk/target_10_0_9_386/qnx6/usr/share/qt4/mkspecs/features/qt.prf(197): 'qtAddLibrary' is not a recognized test function/Applications/bbndk/target_10_0_9_386/qnx6/usr/share/qt4/mkspecs/features/qt.prf(213): Using OS scope before setting MAKEFILE_GENERATOR/Applications/bbndk/target_10_0_9_386/qnx6/usr/share/qt4/mkspecs/features/moc.prf(3): 'qtPrepareTool' is not a recognized test function/Applications/bbndk/target_10_0_9_386/qnx6/usr/share/qt4/mkspecs/features/moc.prf(12): Using OS scope before setting MAKEFILE_GENERATOR/Applications/bbndk/target_10_0_9_386/qnx6/usr/share/qt4/mkspecs/features/moc.prf(97): Using OS scope before setting MAKEFILE_GENERATOR/Applications/bbndk/target_10_0_9_386/qnx6/usr/share/qt4/mkspecs/features/uic.prf(108): Using OS scope before setting MAKEFILE_GENERATOR
    Generated 0 translation(s) (0 finished and 0 unfinished)
    Ignored 5 untranslated source text(s)
Updating '/Users/jaiaca/blackberry/CascadesScoreloopSample/translations/CascadesScoreloopSample_es.qm'...
    Generated 0 translation(s) (0 finished and 0 unfinished)
    Ignored 5 untranslated source text(s)
Updating '/Users/jaiaca/blackberry/CascadesScoreloopSample/translations/CascadesScoreloopSample.qm'...
    Generated 0 translation(s) (0 finished and 0 unfinished)
    Ignored 5 untranslated source text(s)
make[1]: Leaving directory `/Users/jaiaca/blackberry/CascadesScoreloopSample/translations'
make -C ./arm -f Makefile debug
make[1]: Entering directory `/Users/jaiaca/blackberry/CascadesScoreloopSample/arm'
make -f Makefile.Debug
make[2]: Entering directory `/Users/jaiaca/blackberry/CascadesScoreloopSample/arm'
make[2]: Nothing to be done for `first'.
make[2]: Leaving directory `/Users/jaiaca/blackberry/CascadesScoreloopSample/arm'
make[1]: Leaving directory `/Users/jaiaca/blackberry/CascadesScoreloopSample/arm'

**** Build Finished ****
