
**** Build of configuration Device-Debug for project countly-sdk-example ****

make Device-Debug 
make -C .//translations -f Makefile update
make[1]: Entering directory `C:/Users/Jason/Documents/blackberry-workspace/blackberry/countly-sdk-example/translations'
C:/bbndk/host_10_1_0_212/win32/x86/usr/bin/lupdate countly_sdk_example.pro
Updating 'countly_sdk_example.ts'...
    Found 1 source text(s) (0 new and 1 already existing)
make[1]: Leaving directory `C:/Users/Jason/Documents/blackberry-workspace/blackberry/countly-sdk-example/translations'
make -C .//translations -f Makefile release
make[1]: Entering directory `C:/Users/Jason/Documents/blackberry-workspace/blackberry/countly-sdk-example/translations'
C:/bbndk/host_10_1_0_212/win32/x86/usr/bin/lrelease countly_sdk_example.pro
Updating 'C:/Users/Jason/Documents/blackberry-workspace/blackberry/countly-sdk-example/translations/countly_sdk_example.qm'...
    Generated 0 translation(s) (0 finished and 0 unfinished)
    Ignored 1 untranslated source text(s)
make[1]: Leaving directory `C:/Users/Jason/Documents/blackberry-workspace/blackberry/countly-sdk-example/translations'
make -C ./arm -f Makefile debug
make[1]: Entering directory `C:/Users/Jason/Documents/blackberry-workspace/blackberry/countly-sdk-example/arm'
make -f Makefile.Debug
make[2]: Entering directory `C:/Users/Jason/Documents/blackberry-workspace/blackberry/countly-sdk-example/arm'
make[2]: Nothing to be done for `first'.
make[2]: Leaving directory `C:/Users/Jason/Documents/blackberry-workspace/blackberry/countly-sdk-example/arm'
make[1]: Leaving directory `C:/Users/Jason/Documents/blackberry-workspace/blackberry/countly-sdk-example/arm'

**** Build Finished ****
