
**** Build of configuration Simulator-Debug for project UI_Test ****

make Simulator-Debug 
C:/bbndk/host_10_0_9_52/win32/x86/usr/bin/qmake -spec unsupported/blackberry-armv7le-qcc -o arm/Makefile UI_Test.pro CONFIG+=device
C:/bbndk/host_10_0_9_52/win32/x86/usr/bin/qmake -spec unsupported/blackberry-x86-qcc -o x86/Makefile UI_Test.pro CONFIG+=simulator
make -C ./translations -f Makefile update release
make[1]: Entering directory `C:/Users/Jason/Documents/blackberry-workspace/blackberry/UI_Test/translations'
C:/bbndk/host_10_0_9_52/win32/x86/usr/bin/lupdate UI_Test.pro
Updating 'UI_Test_en_GB.ts'...
    Found 1 source text(s) (1 new and 0 already existing)
    Kept 1 obsolete entries
Updating 'UI_Test_fr.ts'...
    Found 1 source text(s) (1 new and 0 already existing)
    Kept 1 obsolete entries
Updating 'UI_Test_it.ts'...
    Found 1 source text(s) (1 new and 0 already existing)
    Kept 1 obsolete entries
Updating 'UI_Test_de.ts'...
    Found 1 source text(s) (1 new and 0 already existing)
    Kept 1 obsolete entries
Updating 'UI_Test_es.ts'...
    Found 1 source text(s) (1 new and 0 already existing)
    Kept 1 obsolete entries
Updating 'UI_Test.ts'...
    Found 1 source text(s) (1 new and 0 already existing)
    Kept 1 obsolete entries
C:/bbndk/host_10_0_9_52/win32/x86/usr/bin/lrelease UI_Test.pro
Could not find qmake configuration directoryCould not read qmake configuration file C:/bbndk/target_10_0_9_386/qnx6/usr/share/qt4/mkspecs/qmake.confUsing OS scope before setting MAKEFILE_GENERATORC:/bbndk/target_10_0_9_386/qnx6/usr/share/qt4/mkspecs/features/debug_and_release.prf(1): Using OS scope before setting MAKEFILE_GENERATORC:/bbndk/target_10_0_9_386/qnx6/usr/share/qt4/mkspecs/features/qt.prf(4): Using OS scope before setting MAKEFILE_GENERATORC:/bbndk/target_10_0_9_386/qnx6/usr/share/qt4/mkspecs/features/qt.prf(36): Using OS scope before setting MAKEFILE_GENERATORC:/bbndk/target_10_0_9_386/qnx6/usr/share/qt4/mkspecs/features/qt.prf(197): 'qtAddLibrary' is not a recognized test functionC:/bbndk/target_10_0_9_386/qnx6/usr/share/qt4/mkspecs/features/qt.prf(197): 'qtAddLibrary' is not a recognized test functionC:/bbndk/target_10_0_9_386/qnx6/usr/share/qt4/mkspecs/features/qt.prf(197): 'qtAddLibrary' is not a recognized test functionC:/bbndk/target_10_0_9_386/qnx6/usr/share/qt4/mkspecs/features/qt.prf(197): 'qtAddLibrary' is not a recognized test functionC:/bbndk/target_10_0_9_386/qnx6/usr/share/qt4/mkspecs/features/qt.prf(197): 'qtAddLibrary' is not a recognized test functionC:/bbndk/target_10_0_9_386/qnx6/usr/share/qt4/mkspecs/features/qt.prf(197): 'qtAddLibrary' is not a recognized test functionC:/bbndk/target_10_0_9_386/qnx6/usr/share/qt4/mkspecs/features/qt.prf(197): 'qtAddLibrary' is not a recognized test functionC:/bbndk/target_10_0_9_386/qnx6/usr/share/qt4/mkspecs/features/qt.prf(213): Using OS scope before setting MAKEFILE_GENERATORC:/bbndk/target_10_0_9_386/qnx6/usr/share/qt4/mkspecs/features/moc.prf(3): 'qtPrepareTool' is not a recognized test functionC:/bbndk/target_10_0_9_386/qnx6/usr/share/qt4/mkspecs/features/moc.prf(12): Using OS scope before setting MAKEFILE_GENERATORC:/bbndk/target_10_0_9_386/qnx6/usr/share/qt4/mkspecs/features/moc.prf(97): Using OS scope before setting MAKEFILE_GENERATORC:/bbndk/target_10_0_9_386/qnx6/usr/share/qt4/mkspecs/features/uic.prf(108): Using OS scope before setting MAKEFILE_GENERATORThe directory name is invalid.
Updating 'C:/Users/Jason/Documents/blackberry-workspace/blackberry/UI_Test/translations/UI_Test_en_GB.qm'...
    Generated 0 translation(s) (0 finished and 0 unfinished)
    Ignored 1 untranslated source text(s)
Updating 'C:/Users/Jason/Documents/blackberry-workspace/blackberry/UI_Test/translations/UI_Test_fr.qm'...
    Generated 0 translation(s) (0 finished and 0 unfinished)
    Ignored 1 untranslated source text(s)
Updating 'C:/Users/Jason/Documents/blackberry-workspace/blackberry/UI_Test/translations/UI_Test_it.qm'...
    Generated 0 translation(s) (0 finished and 0 unfinished)
    Ignored 1 untranslated source text(s)
Updating 'C:/Users/Jason/Documents/blackberry-workspace/blackberry/UI_Test/translations/UI_Test_de.qm'...
    Generated 0 translation(s) (0 finished and 0 unfinished)
    Ignored 1 untranslated source text(s)
Updating 'C:/Users/Jason/Documents/blackberry-workspace/blackberry/UI_Test/translations/UI_Test_es.qm'...
    Generated 0 translation(s) (0 finished and 0 unfinished)
    Ignored 1 untranslated source text(s)
Updating 'C:/Users/Jason/Documents/blackberry-workspace/blackberry/UI_Test/translations/UI_Test.qm'...
    Generated 0 translation(s) (0 finished and 0 unfinished)
    Ignored 1 untranslated source text(s)
make[1]: Leaving directory `C:/Users/Jason/Documents/blackberry-workspace/blackberry/UI_Test/translations'
make -C ./x86 -f Makefile debug
make[1]: Entering directory `C:/Users/Jason/Documents/blackberry-workspace/blackberry/UI_Test/x86'
make -f Makefile.Debug
make[2]: Entering directory `C:/Users/Jason/Documents/blackberry-workspace/blackberry/UI_Test/x86'
make[2]: Nothing to be done for `first'.
make[2]: Leaving directory `C:/Users/Jason/Documents/blackberry-workspace/blackberry/UI_Test/x86'
make[1]: Leaving directory `C:/Users/Jason/Documents/blackberry-workspace/blackberry/UI_Test/x86'
Could not find qmake configuration directoryCould not find qmake configuration fileUsing OS scope before setting MAKEFILE_GENERATOR

**** Build Finished ****

**** Build of configuration Simulator-Debug for project UI_Test ****

make Simulator-Debug 
C:/bbndk/host_10_0_9_52/win32/x86/usr/bin/qmake -spec unsupported/blackberry-armv7le-qcc -o arm/Makefile UI_Test.pro CONFIG+=device
C:/bbndk/host_10_0_9_52/win32/x86/usr/bin/qmake -spec unsupported/blackberry-x86-qcc -o x86/Makefile UI_Test.pro CONFIG+=simulator
make -C ./translations -f Makefile update release
make[1]: Entering directory `C:/Users/Jason/Documents/blackberry-workspace/blackberry/UI_Test/translations'
C:/bbndk/host_10_0_9_52/win32/x86/usr/bin/lupdate UI_Test.pro
Updating 'UI_Test_en_GB.ts'...
    Found 1 source text(s) (0 new and 1 already existing)
Updating 'UI_Test_fr.ts'...
    Found 1 source text(s) (0 new and 1 already existing)
Updating 'UI_Test_it.ts'...
    Found 1 source text(s) (0 new and 1 already existing)
Updating 'UI_Test_de.ts'...
    Found 1 source text(s) (0 new and 1 already existing)
Updating 'UI_Test_es.ts'...
    Found 1 source text(s) (0 new and 1 already existing)
Updating 'UI_Test.ts'...
    Found 1 source text(s) (0 new and 1 already existing)
C:/bbndk/host_10_0_9_52/win32/x86/usr/bin/lrelease UI_Test.pro
Could not find qmake configuration directoryCould not read qmake configuration file C:/bbndk/target_10_0_9_386/qnx6/usr/share/qt4/mkspecs/qmake.confUsing OS scope before setting MAKEFILE_GENERATORC:/bbndk/target_10_0_9_386/qnx6/usr/share/qt4/mkspecs/features/debug_and_release.prf(1): Using OS scope before setting MAKEFILE_GENERATORC:/bbndk/target_10_0_9_386/qnx6/usr/share/qt4/mkspecs/features/qt.prf(4): Using OS scope before setting MAKEFILE_GENERATORC:/bbndk/target_10_0_9_386/qnx6/usr/share/qt4/mkspecs/features/qt.prf(36): Using OS scope before setting MAKEFILE_GENERATORC:/bbndk/target_10_0_9_386/qnx6/usr/share/qt4/mkspecs/features/qt.prf(197): 'qtAddLibrary' is not a recognized test functionC:/bbndk/target_10_0_9_386/qnx6/usr/share/qt4/mkspecs/features/qt.prf(197): 'qtAddLibrary' is not a recognized test functionC:/bbndk/target_10_0_9_386/qnx6/usr/share/qt4/mkspecs/features/qt.prf(197): 'qtAddLibrary' is not a recognized test functionC:/bbndk/target_10_0_9_386/qnx6/usr/share/qt4/mkspecs/features/qt.prf(197): 'qtAddLibrary' is not a recognized test functionC:/bbndk/target_10_0_9_386/qnx6/usr/share/qt4/mkspecs/features/qt.prf(197): 'qtAddLibrary' is not a recognized test functionC:/bbndk/target_10_0_9_386/qnx6/usr/share/qt4/mkspecs/features/qt.prf(197): 'qtAddLibrary' is not a recognized test functionC:/bbndk/target_10_0_9_386/qnx6/usr/share/qt4/mkspecs/features/qt.prf(197): 'qtAddLibrary' is not a recognized test functionC:/bbndk/target_10_0_9_386/qnx6/usr/share/qt4/mkspecs/features/qt.prf(213): Using OS scope before setting MAKEFILE_GENERATORC:/bbndk/target_10_0_9_386/qnx6/usr/share/qt4/mkspecs/features/moc.prf(3): 'qtPrepareTool' is not a recognized test functionC:/bbndk/target_10_0_9_386/qnx6/usr/share/qt4/mkspecs/features/moc.prf(12): Using OS scope before setting MAKEFILE_GENERATORC:/bbndk/target_10_0_9_386/qnx6/usr/share/qt4/mkspecs/features/moc.prf(97): Using OS scope before setting MAKEFILE_GENERATORC:/bbndk/target_10_0_9_386/qnx6/usr/share/qt4/mkspecs/features/uic.prf(108): Using OS scope before setting MAKEFILE_GENERATORThe directory name is invalid.
Updating 'C:/Users/Jason/Documents/blackberry-workspace/blackberry/UI_Test/translations/UI_Test_en_GB.qm'...
    Generated 0 translation(s) (0 finished and 0 unfinished)
    Ignored 1 untranslated source text(s)
Updating 'C:/Users/Jason/Documents/blackberry-workspace/blackberry/UI_Test/translations/UI_Test_fr.qm'...
    Generated 0 translation(s) (0 finished and 0 unfinished)
    Ignored 1 untranslated source text(s)
Updating 'C:/Users/Jason/Documents/blackberry-workspace/blackberry/UI_Test/translations/UI_Test_it.qm'...
    Generated 0 translation(s) (0 finished and 0 unfinished)
    Ignored 1 untranslated source text(s)
Updating 'C:/Users/Jason/Documents/blackberry-workspace/blackberry/UI_Test/translations/UI_Test_de.qm'...
    Generated 0 translation(s) (0 finished and 0 unfinished)
    Ignored 1 untranslated source text(s)
Updating 'C:/Users/Jason/Documents/blackberry-workspace/blackberry/UI_Test/translations/UI_Test_es.qm'...
    Generated 0 translation(s) (0 finished and 0 unfinished)
    Ignored 1 untranslated source text(s)
Updating 'C:/Users/Jason/Documents/blackberry-workspace/blackberry/UI_Test/translations/UI_Test.qm'...
    Generated 0 translation(s) (0 finished and 0 unfinished)
    Ignored 1 untranslated source text(s)
make[1]: Leaving directory `C:/Users/Jason/Documents/blackberry-workspace/blackberry/UI_Test/translations'
make -C ./x86 -f Makefile debug
make[1]: Entering directory `C:/Users/Jason/Documents/blackberry-workspace/blackberry/UI_Test/x86'
make -f Makefile.Debug
make[2]: Entering directory `C:/Users/Jason/Documents/blackberry-workspace/blackberry/UI_Test/x86'
make[2]: Nothing to be done for `first'.
make[2]: Leaving directory `C:/Users/Jason/Documents/blackberry-workspace/blackberry/UI_Test/x86'
make[1]: Leaving directory `C:/Users/Jason/Documents/blackberry-workspace/blackberry/UI_Test/x86'
Could not find qmake configuration directoryCould not find qmake configuration fileUsing OS scope before setting MAKEFILE_GENERATOR

**** Build Finished ****

**** Build of configuration Simulator-Debug for project UI_Test ****

make Simulator-Debug 
C:/bbndk/host_10_0_9_52/win32/x86/usr/bin/qmake -spec unsupported/blackberry-armv7le-qcc -o arm/Makefile UI_Test.pro CONFIG+=device
C:/bbndk/host_10_0_9_52/win32/x86/usr/bin/qmake -spec unsupported/blackberry-x86-qcc -o x86/Makefile UI_Test.pro CONFIG+=simulator
make -C ./translations -f Makefile update release
make[1]: Entering directory `C:/Users/Jason/Documents/blackberry-workspace/blackberry/UI_Test/translations'
C:/bbndk/host_10_0_9_52/win32/x86/usr/bin/lupdate UI_Test.pro
Updating 'UI_Test_en_GB.ts'...
    Found 1 source text(s) (0 new and 1 already existing)
Updating 'UI_Test_fr.ts'...
    Found 1 source text(s) (0 new and 1 already existing)
Updating 'UI_Test_it.ts'...
    Found 1 source text(s) (0 new and 1 already existing)
Updating 'UI_Test_de.ts'...
    Found 1 source text(s) (0 new and 1 already existing)
Updating 'UI_Test_es.ts'...
    Found 1 source text(s) (0 new and 1 already existing)
Updating 'UI_Test.ts'...
    Found 1 source text(s) (0 new and 1 already existing)
C:/bbndk/host_10_0_9_52/win32/x86/usr/bin/lrelease UI_Test.pro
Could not find qmake configuration directoryCould not read qmake configuration file C:/bbndk/target_10_0_9_386/qnx6/usr/share/qt4/mkspecs/qmake.confUsing OS scope before setting MAKEFILE_GENERATORC:/bbndk/target_10_0_9_386/qnx6/usr/share/qt4/mkspecs/features/debug_and_release.prf(1): Using OS scope before setting MAKEFILE_GENERATORC:/bbndk/target_10_0_9_386/qnx6/usr/share/qt4/mkspecs/features/qt.prf(4): Using OS scope before setting MAKEFILE_GENERATORC:/bbndk/target_10_0_9_386/qnx6/usr/share/qt4/mkspecs/features/qt.prf(36): Using OS scope before setting MAKEFILE_GENERATORC:/bbndk/target_10_0_9_386/qnx6/usr/share/qt4/mkspecs/features/qt.prf(197): 'qtAddLibrary' is not a recognized test functionC:/bbndk/target_10_0_9_386/qnx6/usr/share/qt4/mkspecs/features/qt.prf(197): 'qtAddLibrary' is not a recognized test functionC:/bbndk/target_10_0_9_386/qnx6/usr/share/qt4/mkspecs/features/qt.prf(197): 'qtAddLibrary' is not a recognized test functionC:/bbndk/target_10_0_9_386/qnx6/usr/share/qt4/mkspecs/features/qt.prf(197): 'qtAddLibrary' is not a recognized test functionC:/bbndk/target_10_0_9_386/qnx6/usr/share/qt4/mkspecs/features/qt.prf(197): 'qtAddLibrary' is not a recognized test functionC:/bbndk/target_10_0_9_386/qnx6/usr/share/qt4/mkspecs/features/qt.prf(197): 'qtAddLibrary' is not a recognized test functionC:/bbndk/target_10_0_9_386/qnx6/usr/share/qt4/mkspecs/features/qt.prf(197): 'qtAddLibrary' is not a recognized test functionC:/bbndk/target_10_0_9_386/qnx6/usr/share/qt4/mkspecs/features/qt.prf(213): Using OS scope before setting MAKEFILE_GENERATORC:/bbndk/target_10_0_9_386/qnx6/usr/share/qt4/mkspecs/features/moc.prf(3): 'qtPrepareTool' is not a recognized test functionC:/bbndk/target_10_0_9_386/qnx6/usr/share/qt4/mkspecs/features/moc.prf(12): Using OS scope before setting MAKEFILE_GENERATORC:/bbndk/target_10_0_9_386/qnx6/usr/share/qt4/mkspecs/features/moc.prf(97): Using OS scope before setting MAKEFILE_GENERATORC:/bbndk/target_10_0_9_386/qnx6/usr/share/qt4/mkspecs/features/uic.prf(108): Using OS scope before setting MAKEFILE_GENERATORThe directory name is invalid.
Updating 'C:/Users/Jason/Documents/blackberry-workspace/blackberry/UI_Test/translations/UI_Test_en_GB.qm'...
    Generated 0 translation(s) (0 finished and 0 unfinished)
    Ignored 1 untranslated source text(s)
Updating 'C:/Users/Jason/Documents/blackberry-workspace/blackberry/UI_Test/translations/UI_Test_fr.qm'...
    Generated 0 translation(s) (0 finished and 0 unfinished)
    Ignored 1 untranslated source text(s)
Updating 'C:/Users/Jason/Documents/blackberry-workspace/blackberry/UI_Test/translations/UI_Test_it.qm'...
    Generated 0 translation(s) (0 finished and 0 unfinished)
    Ignored 1 untranslated source text(s)
Updating 'C:/Users/Jason/Documents/blackberry-workspace/blackberry/UI_Test/translations/UI_Test_de.qm'...
    Generated 0 translation(s) (0 finished and 0 unfinished)
    Ignored 1 untranslated source text(s)
Updating 'C:/Users/Jason/Documents/blackberry-workspace/blackberry/UI_Test/translations/UI_Test_es.qm'...
    Generated 0 translation(s) (0 finished and 0 unfinished)
    Ignored 1 untranslated source text(s)
Updating 'C:/Users/Jason/Documents/blackberry-workspace/blackberry/UI_Test/translations/UI_Test.qm'...
    Generated 0 translation(s) (0 finished and 0 unfinished)
    Ignored 1 untranslated source text(s)
make[1]: Leaving directory `C:/Users/Jason/Documents/blackberry-workspace/blackberry/UI_Test/translations'
make -C ./x86 -f Makefile debug
make[1]: Entering directory `C:/Users/Jason/Documents/blackberry-workspace/blackberry/UI_Test/x86'
make -f Makefile.Debug
make[2]: Entering directory `C:/Users/Jason/Documents/blackberry-workspace/blackberry/UI_Test/x86'
qcc -Vgcc_ntox86 -c -fstack-protector-strong -Wno-psabi -lang-c++ -g -Wno-psabi -Wall -W -D_REENTRANT -DQ_OS_BLACKBERRY -DQT_NO_IMPORT_QT47_QML -DQT_DECLARATIVE_LIB -DQT_SCRIPT_LIB -DQT_SVG_LIB -DQT_SQL_LIB -DQT_XMLPATTERNS_LIB -DQT_XML_LIB -DQT_GUI_LIB -DQT_NETWORK_LIB -DQT_CORE_LIB -Ic:/bbndk/target_10_0_9_386/qnx6/usr/share/qt4/mkspecs/unsupported/blackberry-x86-qcc -I../../UI_Test -Ic:/bbndk/target_10_0_9_386/qnx6/usr/include/qt4/QtCore -Ic:/bbndk/target_10_0_9_386/qnx6/usr/include/qt4/QtNetwork -Ic:/bbndk/target_10_0_9_386/qnx6/usr/include/qt4/QtGui -Ic:/bbndk/target_10_0_9_386/qnx6/usr/include/qt4/QtXml -Ic:/bbndk/target_10_0_9_386/qnx6/usr/include/qt4/QtXmlPatterns -Ic:/bbndk/target_10_0_9_386/qnx6/usr/include/qt4/QtSql -Ic:/bbndk/target_10_0_9_386/qnx6/usr/include/qt4/QtSvg -Ic:/bbndk/target_10_0_9_386/qnx6/usr/include/qt4/QtScript -Ic:/bbndk/target_10_0_9_386/qnx6/usr/include/qt4/QtDeclarative -Ic:/bbndk/target_10_0_9_386/qnx6/usr/include/qt4 -I../src -Io-g/.moc -Ic:/bbndk/target_10_0_9_386/qnx6/usr/include -Ic:/bbndk/target_10_0_9_386/qnx6/usr/include/freetype2 -I. -o o-g/.obj/UITest.o ../src/UITest.cpp
qcc -Vgcc_ntox86 -lang-c++ -Wl,-rpath-link,C:/bbndk/target_10_0_9_386/qnx6/x86/lib -Wl,-rpath-link,C:/bbndk/target_10_0_9_386/qnx6/x86/usr/lib -o o-g/UI_Test o-g/.obj/ActiveFrame.o o-g/.obj/main.o o-g/.obj/UITest.o o-g/.obj/moc_UITest.o o-g/.obj/moc_ActiveFrame.o    -LC:/bbndk/target_10_0_9_386/qnx6/x86/lib -LC:/bbndk/target_10_0_9_386/qnx6/x86/usr/lib -LC:/bbndk/target_10_0_9_386/qnx6/x86/usr/lib/qt4/lib -LC:/bbndk/target_10_0_9_386/qnx6/usr/lib/qt4/lib -lm -lbps -lbb -lbbcascades -lQtDeclarative -lQtScript -lQtSvg -lQtSql -lQtXmlPatterns -lQtXml -lQtGui -lQtNetwork -lQtCore 
make[2]: Leaving directory `C:/Users/Jason/Documents/blackberry-workspace/blackberry/UI_Test/x86'
make[1]: Leaving directory `C:/Users/Jason/Documents/blackberry-workspace/blackberry/UI_Test/x86'
Could not find qmake configuration directoryCould not find qmake configuration fileUsing OS scope before setting MAKEFILE_GENERATOR

**** Build Finished ****

**** Build of configuration Simulator-Debug for project UI_Test ****

make Simulator-Debug 
C:/bbndk/host_10_0_9_52/win32/x86/usr/bin/qmake -spec unsupported/blackberry-armv7le-qcc -o arm/Makefile UI_Test.pro CONFIG+=device
C:/bbndk/host_10_0_9_52/win32/x86/usr/bin/qmake -spec unsupported/blackberry-x86-qcc -o x86/Makefile UI_Test.pro CONFIG+=simulator
make -C ./translations -f Makefile update release
make[1]: Entering directory `C:/Users/Jason/Documents/blackberry-workspace/blackberry/UI_Test/translations'
C:/bbndk/host_10_0_9_52/win32/x86/usr/bin/lupdate UI_Test.pro
Updating 'UI_Test_en_GB.ts'...
    Found 1 source text(s) (0 new and 1 already existing)
Updating 'UI_Test_fr.ts'...
    Found 1 source text(s) (0 new and 1 already existing)
Updating 'UI_Test_it.ts'...
    Found 1 source text(s) (0 new and 1 already existing)
Updating 'UI_Test_de.ts'...
    Found 1 source text(s) (0 new and 1 already existing)
Updating 'UI_Test_es.ts'...
    Found 1 source text(s) (0 new and 1 already existing)
Updating 'UI_Test.ts'...
    Found 1 source text(s) (0 new and 1 already existing)
C:/bbndk/host_10_0_9_52/win32/x86/usr/bin/lrelease UI_Test.pro
Could not find qmake configuration directoryCould not read qmake configuration file C:/bbndk/target_10_0_9_386/qnx6/usr/share/qt4/mkspecs/qmake.confUsing OS scope before setting MAKEFILE_GENERATORC:/bbndk/target_10_0_9_386/qnx6/usr/share/qt4/mkspecs/features/debug_and_release.prf(1): Using OS scope before setting MAKEFILE_GENERATORC:/bbndk/target_10_0_9_386/qnx6/usr/share/qt4/mkspecs/features/qt.prf(4): Using OS scope before setting MAKEFILE_GENERATORC:/bbndk/target_10_0_9_386/qnx6/usr/share/qt4/mkspecs/features/qt.prf(36): Using OS scope before setting MAKEFILE_GENERATORC:/bbndk/target_10_0_9_386/qnx6/usr/share/qt4/mkspecs/features/qt.prf(197): 'qtAddLibrary' is not a recognized test functionC:/bbndk/target_10_0_9_386/qnx6/usr/share/qt4/mkspecs/features/qt.prf(197): 'qtAddLibrary' is not a recognized test functionC:/bbndk/target_10_0_9_386/qnx6/usr/share/qt4/mkspecs/features/qt.prf(197): 'qtAddLibrary' is not a recognized test functionC:/bbndk/target_10_0_9_386/qnx6/usr/share/qt4/mkspecs/features/qt.prf(197): 'qtAddLibrary' is not a recognized test functionC:/bbndk/target_10_0_9_386/qnx6/usr/share/qt4/mkspecs/features/qt.prf(197): 'qtAddLibrary' is not a recognized test functionC:/bbndk/target_10_0_9_386/qnx6/usr/share/qt4/mkspecs/features/qt.prf(197): 'qtAddLibrary' is not a recognized test functionC:/bbndk/target_10_0_9_386/qnx6/usr/share/qt4/mkspecs/features/qt.prf(197): 'qtAddLibrary' is not a recognized test functionC:/bbndk/target_10_0_9_386/qnx6/usr/share/qt4/mkspecs/features/qt.prf(213): Using OS scope before setting MAKEFILE_GENERATORC:/bbndk/target_10_0_9_386/qnx6/usr/share/qt4/mkspecs/features/moc.prf(3): 'qtPrepareTool' is not a recognized test functionC:/bbndk/target_10_0_9_386/qnx6/usr/share/qt4/mkspecs/features/moc.prf(12): Using OS scope before setting MAKEFILE_GENERATORC:/bbndk/target_10_0_9_386/qnx6/usr/share/qt4/mkspecs/features/moc.prf(97): Using OS scope before setting MAKEFILE_GENERATORC:/bbndk/target_10_0_9_386/qnx6/usr/share/qt4/mkspecs/features/uic.prf(108): Using OS scope before setting MAKEFILE_GENERATORThe directory name is invalid.
Updating 'C:/Users/Jason/Documents/blackberry-workspace/blackberry/UI_Test/translations/UI_Test_en_GB.qm'...
    Generated 0 translation(s) (0 finished and 0 unfinished)
    Ignored 1 untranslated source text(s)
Updating 'C:/Users/Jason/Documents/blackberry-workspace/blackberry/UI_Test/translations/UI_Test_fr.qm'...
    Generated 0 translation(s) (0 finished and 0 unfinished)
    Ignored 1 untranslated source text(s)
Updating 'C:/Users/Jason/Documents/blackberry-workspace/blackberry/UI_Test/translations/UI_Test_it.qm'...
    Generated 0 translation(s) (0 finished and 0 unfinished)
    Ignored 1 untranslated source text(s)
Updating 'C:/Users/Jason/Documents/blackberry-workspace/blackberry/UI_Test/translations/UI_Test_de.qm'...
    Generated 0 translation(s) (0 finished and 0 unfinished)
    Ignored 1 untranslated source text(s)
Updating 'C:/Users/Jason/Documents/blackberry-workspace/blackberry/UI_Test/translations/UI_Test_es.qm'...
    Generated 0 translation(s) (0 finished and 0 unfinished)
    Ignored 1 untranslated source text(s)
Updating 'C:/Users/Jason/Documents/blackberry-workspace/blackberry/UI_Test/translations/UI_Test.qm'...
    Generated 0 translation(s) (0 finished and 0 unfinished)
    Ignored 1 untranslated source text(s)
make[1]: Leaving directory `C:/Users/Jason/Documents/blackberry-workspace/blackberry/UI_Test/translations'
make -C ./x86 -f Makefile debug
make[1]: Entering directory `C:/Users/Jason/Documents/blackberry-workspace/blackberry/UI_Test/x86'
make -f Makefile.Debug
make[2]: Entering directory `C:/Users/Jason/Documents/blackberry-workspace/blackberry/UI_Test/x86'
make[2]: Nothing to be done for `first'.
make[2]: Leaving directory `C:/Users/Jason/Documents/blackberry-workspace/blackberry/UI_Test/x86'
make[1]: Leaving directory `C:/Users/Jason/Documents/blackberry-workspace/blackberry/UI_Test/x86'
Could not find qmake configuration directoryCould not find qmake configuration fileUsing OS scope before setting MAKEFILE_GENERATOR

**** Build Finished ****

**** Build of configuration Simulator-Debug for project UI_Test ****

make Simulator-Debug 
C:/bbndk/host_10_0_9_52/win32/x86/usr/bin/qmake -spec unsupported/blackberry-armv7le-qcc -o arm/Makefile UI_Test.pro CONFIG+=device
C:/bbndk/host_10_0_9_52/win32/x86/usr/bin/qmake -spec unsupported/blackberry-x86-qcc -o x86/Makefile UI_Test.pro CONFIG+=simulator
make -C ./translations -f Makefile update release
make[1]: Entering directory `C:/Users/Jason/Documents/blackberry-workspace/blackberry/UI_Test/translations'
C:/bbndk/host_10_0_9_52/win32/x86/usr/bin/lupdate UI_Test.pro
Updating 'UI_Test_en_GB.ts'...
    Found 1 source text(s) (0 new and 1 already existing)
Updating 'UI_Test_fr.ts'...
    Found 1 source text(s) (0 new and 1 already existing)
Updating 'UI_Test_it.ts'...
    Found 1 source text(s) (0 new and 1 already existing)
Updating 'UI_Test_de.ts'...
    Found 1 source text(s) (0 new and 1 already existing)
Updating 'UI_Test_es.ts'...
    Found 1 source text(s) (0 new and 1 already existing)
Updating 'UI_Test.ts'...
    Found 1 source text(s) (0 new and 1 already existing)
C:/bbndk/host_10_0_9_52/win32/x86/usr/bin/lrelease UI_Test.pro
Could not find qmake configuration directoryCould not read qmake configuration file C:/bbndk/target_10_0_9_386/qnx6/usr/share/qt4/mkspecs/qmake.confUsing OS scope before setting MAKEFILE_GENERATORC:/bbndk/target_10_0_9_386/qnx6/usr/share/qt4/mkspecs/features/debug_and_release.prf(1): Using OS scope before setting MAKEFILE_GENERATORC:/bbndk/target_10_0_9_386/qnx6/usr/share/qt4/mkspecs/features/qt.prf(4): Using OS scope before setting MAKEFILE_GENERATORC:/bbndk/target_10_0_9_386/qnx6/usr/share/qt4/mkspecs/features/qt.prf(36): Using OS scope before setting MAKEFILE_GENERATORC:/bbndk/target_10_0_9_386/qnx6/usr/share/qt4/mkspecs/features/qt.prf(197): 'qtAddLibrary' is not a recognized test functionC:/bbndk/target_10_0_9_386/qnx6/usr/share/qt4/mkspecs/features/qt.prf(197): 'qtAddLibrary' is not a recognized test functionC:/bbndk/target_10_0_9_386/qnx6/usr/share/qt4/mkspecs/features/qt.prf(197): 'qtAddLibrary' is not a recognized test functionC:/bbndk/target_10_0_9_386/qnx6/usr/share/qt4/mkspecs/features/qt.prf(197): 'qtAddLibrary' is not a recognized test functionC:/bbndk/target_10_0_9_386/qnx6/usr/share/qt4/mkspecs/features/qt.prf(197): 'qtAddLibrary' is not a recognized test functionC:/bbndk/target_10_0_9_386/qnx6/usr/share/qt4/mkspecs/features/qt.prf(197): 'qtAddLibrary' is not a recognized test functionC:/bbndk/target_10_0_9_386/qnx6/usr/share/qt4/mkspecs/features/qt.prf(197): 'qtAddLibrary' is not a recognized test functionC:/bbndk/target_10_0_9_386/qnx6/usr/share/qt4/mkspecs/features/qt.prf(213): Using OS scope before setting MAKEFILE_GENERATORC:/bbndk/target_10_0_9_386/qnx6/usr/share/qt4/mkspecs/features/moc.prf(3): 'qtPrepareTool' is not a recognized test functionC:/bbndk/target_10_0_9_386/qnx6/usr/share/qt4/mkspecs/features/moc.prf(12): Using OS scope before setting MAKEFILE_GENERATORC:/bbndk/target_10_0_9_386/qnx6/usr/share/qt4/mkspecs/features/moc.prf(97): Using OS scope before setting MAKEFILE_GENERATORC:/bbndk/target_10_0_9_386/qnx6/usr/share/qt4/mkspecs/features/uic.prf(108): Using OS scope before setting MAKEFILE_GENERATORThe directory name is invalid.
Updating 'C:/Users/Jason/Documents/blackberry-workspace/blackberry/UI_Test/translations/UI_Test_en_GB.qm'...
    Generated 0 translation(s) (0 finished and 0 unfinished)
    Ignored 1 untranslated source text(s)
Updating 'C:/Users/Jason/Documents/blackberry-workspace/blackberry/UI_Test/translations/UI_Test_fr.qm'...
    Generated 0 translation(s) (0 finished and 0 unfinished)
    Ignored 1 untranslated source text(s)
Updating 'C:/Users/Jason/Documents/blackberry-workspace/blackberry/UI_Test/translations/UI_Test_it.qm'...
    Generated 0 translation(s) (0 finished and 0 unfinished)
    Ignored 1 untranslated source text(s)
Updating 'C:/Users/Jason/Documents/blackberry-workspace/blackberry/UI_Test/translations/UI_Test_de.qm'...
    Generated 0 translation(s) (0 finished and 0 unfinished)
    Ignored 1 untranslated source text(s)
Updating 'C:/Users/Jason/Documents/blackberry-workspace/blackberry/UI_Test/translations/UI_Test_es.qm'...
    Generated 0 translation(s) (0 finished and 0 unfinished)
    Ignored 1 untranslated source text(s)
Updating 'C:/Users/Jason/Documents/blackberry-workspace/blackberry/UI_Test/translations/UI_Test.qm'...
    Generated 0 translation(s) (0 finished and 0 unfinished)
    Ignored 1 untranslated source text(s)
make[1]: Leaving directory `C:/Users/Jason/Documents/blackberry-workspace/blackberry/UI_Test/translations'
make -C ./x86 -f Makefile debug
make[1]: Entering directory `C:/Users/Jason/Documents/blackberry-workspace/blackberry/UI_Test/x86'
make -f Makefile.Debug
make[2]: Entering directory `C:/Users/Jason/Documents/blackberry-workspace/blackberry/UI_Test/x86'
make[2]: Nothing to be done for `first'.
make[2]: Leaving directory `C:/Users/Jason/Documents/blackberry-workspace/blackberry/UI_Test/x86'
make[1]: Leaving directory `C:/Users/Jason/Documents/blackberry-workspace/blackberry/UI_Test/x86'
Could not find qmake configuration directoryCould not find qmake configuration fileUsing OS scope before setting MAKEFILE_GENERATOR

**** Build Finished ****

**** Build of configuration Simulator-Debug for project UI_Test ****

make Simulator-Debug 
C:/bbndk/host_10_0_9_52/win32/x86/usr/bin/qmake -spec unsupported/blackberry-armv7le-qcc -o arm/Makefile UI_Test.pro CONFIG+=device
C:/bbndk/host_10_0_9_52/win32/x86/usr/bin/qmake -spec unsupported/blackberry-x86-qcc -o x86/Makefile UI_Test.pro CONFIG+=simulator
make -C ./translations -f Makefile update release
make[1]: Entering directory `C:/Users/Jason/Documents/blackberry-workspace/blackberry/UI_Test/translations'
C:/bbndk/host_10_0_9_52/win32/x86/usr/bin/lupdate UI_Test.pro
Updating 'UI_Test_en_GB.ts'...
    Found 1 source text(s) (0 new and 1 already existing)
Updating 'UI_Test_fr.ts'...
    Found 1 source text(s) (0 new and 1 already existing)
Updating 'UI_Test_it.ts'...
    Found 1 source text(s) (0 new and 1 already existing)
Updating 'UI_Test_de.ts'...
    Found 1 source text(s) (0 new and 1 already existing)
Updating 'UI_Test_es.ts'...
    Found 1 source text(s) (0 new and 1 already existing)
Updating 'UI_Test.ts'...
    Found 1 source text(s) (0 new and 1 already existing)
C:/bbndk/host_10_0_9_52/win32/x86/usr/bin/lrelease UI_Test.pro
Could not find qmake configuration directoryCould not read qmake configuration file C:/bbndk/target_10_0_9_386/qnx6/usr/share/qt4/mkspecs/qmake.confUsing OS scope before setting MAKEFILE_GENERATORC:/bbndk/target_10_0_9_386/qnx6/usr/share/qt4/mkspecs/features/debug_and_release.prf(1): Using OS scope before setting MAKEFILE_GENERATORC:/bbndk/target_10_0_9_386/qnx6/usr/share/qt4/mkspecs/features/qt.prf(4): Using OS scope before setting MAKEFILE_GENERATORC:/bbndk/target_10_0_9_386/qnx6/usr/share/qt4/mkspecs/features/qt.prf(36): Using OS scope before setting MAKEFILE_GENERATORC:/bbndk/target_10_0_9_386/qnx6/usr/share/qt4/mkspecs/features/qt.prf(197): 'qtAddLibrary' is not a recognized test functionC:/bbndk/target_10_0_9_386/qnx6/usr/share/qt4/mkspecs/features/qt.prf(197): 'qtAddLibrary' is not a recognized test functionC:/bbndk/target_10_0_9_386/qnx6/usr/share/qt4/mkspecs/features/qt.prf(197): 'qtAddLibrary' is not a recognized test functionC:/bbndk/target_10_0_9_386/qnx6/usr/share/qt4/mkspecs/features/qt.prf(197): 'qtAddLibrary' is not a recognized test functionC:/bbndk/target_10_0_9_386/qnx6/usr/share/qt4/mkspecs/features/qt.prf(197): 'qtAddLibrary' is not a recognized test functionC:/bbndk/target_10_0_9_386/qnx6/usr/share/qt4/mkspecs/features/qt.prf(197): 'qtAddLibrary' is not a recognized test functionC:/bbndk/target_10_0_9_386/qnx6/usr/share/qt4/mkspecs/features/qt.prf(197): 'qtAddLibrary' is not a recognized test functionC:/bbndk/target_10_0_9_386/qnx6/usr/share/qt4/mkspecs/features/qt.prf(213): Using OS scope before setting MAKEFILE_GENERATORC:/bbndk/target_10_0_9_386/qnx6/usr/share/qt4/mkspecs/features/moc.prf(3): 'qtPrepareTool' is not a recognized test functionC:/bbndk/target_10_0_9_386/qnx6/usr/share/qt4/mkspecs/features/moc.prf(12): Using OS scope before setting MAKEFILE_GENERATORC:/bbndk/target_10_0_9_386/qnx6/usr/share/qt4/mkspecs/features/moc.prf(97): Using OS scope before setting MAKEFILE_GENERATORC:/bbndk/target_10_0_9_386/qnx6/usr/share/qt4/mkspecs/features/uic.prf(108): Using OS scope before setting MAKEFILE_GENERATORThe directory name is invalid.
Updating 'C:/Users/Jason/Documents/blackberry-workspace/blackberry/UI_Test/translations/UI_Test_en_GB.qm'...
    Generated 0 translation(s) (0 finished and 0 unfinished)
    Ignored 1 untranslated source text(s)
Updating 'C:/Users/Jason/Documents/blackberry-workspace/blackberry/UI_Test/translations/UI_Test_fr.qm'...
    Generated 0 translation(s) (0 finished and 0 unfinished)
    Ignored 1 untranslated source text(s)
Updating 'C:/Users/Jason/Documents/blackberry-workspace/blackberry/UI_Test/translations/UI_Test_it.qm'...
    Generated 0 translation(s) (0 finished and 0 unfinished)
    Ignored 1 untranslated source text(s)
Updating 'C:/Users/Jason/Documents/blackberry-workspace/blackberry/UI_Test/translations/UI_Test_de.qm'...
    Generated 0 translation(s) (0 finished and 0 unfinished)
    Ignored 1 untranslated source text(s)
Updating 'C:/Users/Jason/Documents/blackberry-workspace/blackberry/UI_Test/translations/UI_Test_es.qm'...
    Generated 0 translation(s) (0 finished and 0 unfinished)
    Ignored 1 untranslated source text(s)
Updating 'C:/Users/Jason/Documents/blackberry-workspace/blackberry/UI_Test/translations/UI_Test.qm'...
    Generated 0 translation(s) (0 finished and 0 unfinished)
    Ignored 1 untranslated source text(s)
make[1]: Leaving directory `C:/Users/Jason/Documents/blackberry-workspace/blackberry/UI_Test/translations'
make -C ./x86 -f Makefile debug
make[1]: Entering directory `C:/Users/Jason/Documents/blackberry-workspace/blackberry/UI_Test/x86'
make -f Makefile.Debug
make[2]: Entering directory `C:/Users/Jason/Documents/blackberry-workspace/blackberry/UI_Test/x86'
make[2]: Nothing to be done for `first'.
make[2]: Leaving directory `C:/Users/Jason/Documents/blackberry-workspace/blackberry/UI_Test/x86'
make[1]: Leaving directory `C:/Users/Jason/Documents/blackberry-workspace/blackberry/UI_Test/x86'
Could not find qmake configuration directoryCould not find qmake configuration fileUsing OS scope before setting MAKEFILE_GENERATOR

**** Build Finished ****

**** Build of configuration Simulator-Debug for project UI_Test ****

make Simulator-Debug 
C:/bbndk/host_10_0_9_52/win32/x86/usr/bin/qmake -spec unsupported/blackberry-armv7le-qcc -o arm/Makefile UI_Test.pro CONFIG+=device
C:/bbndk/host_10_0_9_52/win32/x86/usr/bin/qmake -spec unsupported/blackberry-x86-qcc -o x86/Makefile UI_Test.pro CONFIG+=simulator
make -C ./translations -f Makefile update release
make[1]: Entering directory `C:/Users/Jason/Documents/blackberry-workspace/blackberry/UI_Test/translations'
C:/bbndk/host_10_0_9_52/win32/x86/usr/bin/lupdate UI_Test.pro
Updating 'UI_Test_en_GB.ts'...
    Found 1 source text(s) (0 new and 1 already existing)
Updating 'UI_Test_fr.ts'...
    Found 1 source text(s) (0 new and 1 already existing)
Updating 'UI_Test_it.ts'...
    Found 1 source text(s) (0 new and 1 already existing)
Updating 'UI_Test_de.ts'...
    Found 1 source text(s) (0 new and 1 already existing)
Updating 'UI_Test_es.ts'...
    Found 1 source text(s) (0 new and 1 already existing)
Updating 'UI_Test.ts'...
    Found 1 source text(s) (0 new and 1 already existing)
C:/bbndk/host_10_0_9_52/win32/x86/usr/bin/lrelease UI_Test.pro
Could not find qmake configuration directoryCould not read qmake configuration file C:/bbndk/target_10_0_9_386/qnx6/usr/share/qt4/mkspecs/qmake.confUsing OS scope before setting MAKEFILE_GENERATORC:/bbndk/target_10_0_9_386/qnx6/usr/share/qt4/mkspecs/features/debug_and_release.prf(1): Using OS scope before setting MAKEFILE_GENERATORC:/bbndk/target_10_0_9_386/qnx6/usr/share/qt4/mkspecs/features/qt.prf(4): Using OS scope before setting MAKEFILE_GENERATORC:/bbndk/target_10_0_9_386/qnx6/usr/share/qt4/mkspecs/features/qt.prf(36): Using OS scope before setting MAKEFILE_GENERATORC:/bbndk/target_10_0_9_386/qnx6/usr/share/qt4/mkspecs/features/qt.prf(197): 'qtAddLibrary' is not a recognized test functionC:/bbndk/target_10_0_9_386/qnx6/usr/share/qt4/mkspecs/features/qt.prf(197): 'qtAddLibrary' is not a recognized test functionC:/bbndk/target_10_0_9_386/qnx6/usr/share/qt4/mkspecs/features/qt.prf(197): 'qtAddLibrary' is not a recognized test functionC:/bbndk/target_10_0_9_386/qnx6/usr/share/qt4/mkspecs/features/qt.prf(197): 'qtAddLibrary' is not a recognized test functionC:/bbndk/target_10_0_9_386/qnx6/usr/share/qt4/mkspecs/features/qt.prf(197): 'qtAddLibrary' is not a recognized test functionC:/bbndk/target_10_0_9_386/qnx6/usr/share/qt4/mkspecs/features/qt.prf(197): 'qtAddLibrary' is not a recognized test functionC:/bbndk/target_10_0_9_386/qnx6/usr/share/qt4/mkspecs/features/qt.prf(197): 'qtAddLibrary' is not a recognized test functionC:/bbndk/target_10_0_9_386/qnx6/usr/share/qt4/mkspecs/features/qt.prf(213): Using OS scope before setting MAKEFILE_GENERATORC:/bbndk/target_10_0_9_386/qnx6/usr/share/qt4/mkspecs/features/moc.prf(3): 'qtPrepareTool' is not a recognized test functionC:/bbndk/target_10_0_9_386/qnx6/usr/share/qt4/mkspecs/features/moc.prf(12): Using OS scope before setting MAKEFILE_GENERATORC:/bbndk/target_10_0_9_386/qnx6/usr/share/qt4/mkspecs/features/moc.prf(97): Using OS scope before setting MAKEFILE_GENERATORC:/bbndk/target_10_0_9_386/qnx6/usr/share/qt4/mkspecs/features/uic.prf(108): Using OS scope before setting MAKEFILE_GENERATORThe directory name is invalid.
Updating 'C:/Users/Jason/Documents/blackberry-workspace/blackberry/UI_Test/translations/UI_Test_en_GB.qm'...
    Generated 0 translation(s) (0 finished and 0 unfinished)
    Ignored 1 untranslated source text(s)
Updating 'C:/Users/Jason/Documents/blackberry-workspace/blackberry/UI_Test/translations/UI_Test_fr.qm'...
    Generated 0 translation(s) (0 finished and 0 unfinished)
    Ignored 1 untranslated source text(s)
Updating 'C:/Users/Jason/Documents/blackberry-workspace/blackberry/UI_Test/translations/UI_Test_it.qm'...
    Generated 0 translation(s) (0 finished and 0 unfinished)
    Ignored 1 untranslated source text(s)
Updating 'C:/Users/Jason/Documents/blackberry-workspace/blackberry/UI_Test/translations/UI_Test_de.qm'...
    Generated 0 translation(s) (0 finished and 0 unfinished)
    Ignored 1 untranslated source text(s)
Updating 'C:/Users/Jason/Documents/blackberry-workspace/blackberry/UI_Test/translations/UI_Test_es.qm'...
    Generated 0 translation(s) (0 finished and 0 unfinished)
    Ignored 1 untranslated source text(s)
Updating 'C:/Users/Jason/Documents/blackberry-workspace/blackberry/UI_Test/translations/UI_Test.qm'...
    Generated 0 translation(s) (0 finished and 0 unfinished)
    Ignored 1 untranslated source text(s)
make[1]: Leaving directory `C:/Users/Jason/Documents/blackberry-workspace/blackberry/UI_Test/translations'
make -C ./x86 -f Makefile debug
make[1]: Entering directory `C:/Users/Jason/Documents/blackberry-workspace/blackberry/UI_Test/x86'
make -f Makefile.Debug
make[2]: Entering directory `C:/Users/Jason/Documents/blackberry-workspace/blackberry/UI_Test/x86'
make[2]: Nothing to be done for `first'.
make[2]: Leaving directory `C:/Users/Jason/Documents/blackberry-workspace/blackberry/UI_Test/x86'
make[1]: Leaving directory `C:/Users/Jason/Documents/blackberry-workspace/blackberry/UI_Test/x86'
Could not find qmake configuration directoryCould not find qmake configuration fileUsing OS scope before setting MAKEFILE_GENERATOR

**** Build Finished ****

**** Build of configuration Simulator-Debug for project UI_Test ****

make Simulator-Debug 
C:/bbndk/host_10_0_9_52/win32/x86/usr/bin/qmake -spec unsupported/blackberry-armv7le-qcc -o arm/Makefile UI_Test.pro CONFIG+=device
C:/bbndk/host_10_0_9_52/win32/x86/usr/bin/qmake -spec unsupported/blackberry-x86-qcc -o x86/Makefile UI_Test.pro CONFIG+=simulator
make -C ./translations -f Makefile update release
make[1]: Entering directory `C:/Users/Jason/Documents/blackberry-workspace/blackberry/UI_Test/translations'
C:/bbndk/host_10_0_9_52/win32/x86/usr/bin/lupdate UI_Test.pro
Updating 'UI_Test_en_GB.ts'...
    Found 1 source text(s) (0 new and 1 already existing)
Updating 'UI_Test_fr.ts'...
    Found 1 source text(s) (0 new and 1 already existing)
Updating 'UI_Test_it.ts'...
    Found 1 source text(s) (0 new and 1 already existing)
Updating 'UI_Test_de.ts'...
    Found 1 source text(s) (0 new and 1 already existing)
Updating 'UI_Test_es.ts'...
    Found 1 source text(s) (0 new and 1 already existing)
Updating 'UI_Test.ts'...
    Found 1 source text(s) (0 new and 1 already existing)
C:/bbndk/host_10_0_9_52/win32/x86/usr/bin/lrelease UI_Test.pro
Could not find qmake configuration directoryCould not read qmake configuration file C:/bbndk/target_10_0_9_386/qnx6/usr/share/qt4/mkspecs/qmake.confUsing OS scope before setting MAKEFILE_GENERATORC:/bbndk/target_10_0_9_386/qnx6/usr/share/qt4/mkspecs/features/debug_and_release.prf(1): Using OS scope before setting MAKEFILE_GENERATORC:/bbndk/target_10_0_9_386/qnx6/usr/share/qt4/mkspecs/features/qt.prf(4): Using OS scope before setting MAKEFILE_GENERATORC:/bbndk/target_10_0_9_386/qnx6/usr/share/qt4/mkspecs/features/qt.prf(36): Using OS scope before setting MAKEFILE_GENERATORC:/bbndk/target_10_0_9_386/qnx6/usr/share/qt4/mkspecs/features/qt.prf(197): 'qtAddLibrary' is not a recognized test functionC:/bbndk/target_10_0_9_386/qnx6/usr/share/qt4/mkspecs/features/qt.prf(197): 'qtAddLibrary' is not a recognized test functionC:/bbndk/target_10_0_9_386/qnx6/usr/share/qt4/mkspecs/features/qt.prf(197): 'qtAddLibrary' is not a recognized test functionC:/bbndk/target_10_0_9_386/qnx6/usr/share/qt4/mkspecs/features/qt.prf(197): 'qtAddLibrary' is not a recognized test functionC:/bbndk/target_10_0_9_386/qnx6/usr/share/qt4/mkspecs/features/qt.prf(197): 'qtAddLibrary' is not a recognized test functionC:/bbndk/target_10_0_9_386/qnx6/usr/share/qt4/mkspecs/features/qt.prf(197): 'qtAddLibrary' is not a recognized test functionC:/bbndk/target_10_0_9_386/qnx6/usr/share/qt4/mkspecs/features/qt.prf(197): 'qtAddLibrary' is not a recognized test functionC:/bbndk/target_10_0_9_386/qnx6/usr/share/qt4/mkspecs/features/qt.prf(213): Using OS scope before setting MAKEFILE_GENERATORC:/bbndk/target_10_0_9_386/qnx6/usr/share/qt4/mkspecs/features/moc.prf(3): 'qtPrepareTool' is not a recognized test functionC:/bbndk/target_10_0_9_386/qnx6/usr/share/qt4/mkspecs/features/moc.prf(12): Using OS scope before setting MAKEFILE_GENERATORC:/bbndk/target_10_0_9_386/qnx6/usr/share/qt4/mkspecs/features/moc.prf(97): Using OS scope before setting MAKEFILE_GENERATORC:/bbndk/target_10_0_9_386/qnx6/usr/share/qt4/mkspecs/features/uic.prf(108): Using OS scope before setting MAKEFILE_GENERATORThe directory name is invalid.
Updating 'C:/Users/Jason/Documents/blackberry-workspace/blackberry/UI_Test/translations/UI_Test_en_GB.qm'...
    Generated 0 translation(s) (0 finished and 0 unfinished)
    Ignored 1 untranslated source text(s)
Updating 'C:/Users/Jason/Documents/blackberry-workspace/blackberry/UI_Test/translations/UI_Test_fr.qm'...
    Generated 0 translation(s) (0 finished and 0 unfinished)
    Ignored 1 untranslated source text(s)
Updating 'C:/Users/Jason/Documents/blackberry-workspace/blackberry/UI_Test/translations/UI_Test_it.qm'...
    Generated 0 translation(s) (0 finished and 0 unfinished)
    Ignored 1 untranslated source text(s)
Updating 'C:/Users/Jason/Documents/blackberry-workspace/blackberry/UI_Test/translations/UI_Test_de.qm'...
    Generated 0 translation(s) (0 finished and 0 unfinished)
    Ignored 1 untranslated source text(s)
Updating 'C:/Users/Jason/Documents/blackberry-workspace/blackberry/UI_Test/translations/UI_Test_es.qm'...
    Generated 0 translation(s) (0 finished and 0 unfinished)
    Ignored 1 untranslated source text(s)
Updating 'C:/Users/Jason/Documents/blackberry-workspace/blackberry/UI_Test/translations/UI_Test.qm'...
    Generated 0 translation(s) (0 finished and 0 unfinished)
    Ignored 1 untranslated source text(s)
make[1]: Leaving directory `C:/Users/Jason/Documents/blackberry-workspace/blackberry/UI_Test/translations'
make -C ./x86 -f Makefile debug
make[1]: Entering directory `C:/Users/Jason/Documents/blackberry-workspace/blackberry/UI_Test/x86'
make -f Makefile.Debug
make[2]: Entering directory `C:/Users/Jason/Documents/blackberry-workspace/blackberry/UI_Test/x86'
make[2]: Nothing to be done for `first'.
make[2]: Leaving directory `C:/Users/Jason/Documents/blackberry-workspace/blackberry/UI_Test/x86'
make[1]: Leaving directory `C:/Users/Jason/Documents/blackberry-workspace/blackberry/UI_Test/x86'
Could not find qmake configuration directoryCould not find qmake configuration fileUsing OS scope before setting MAKEFILE_GENERATOR

**** Build Finished ****
