
**** Build of configuration Device-Debug for project HelloBBM ****

make Device-Debug 
make -C .//translations -f Makefile update
make[1]: Entering directory `C:/Users/Jason/Documents/blackberry-workspace/blackberry/HelloBBM/translations'
C:/bbndk/host_10_0_9_284/win32/x86/usr/bin/lupdate HelloBBM.pro
Updating 'HelloBBM.ts'...
    Found 1 source text(s) (0 new and 1 already existing)
make[1]: Leaving directory `C:/Users/Jason/Documents/blackberry-workspace/blackberry/HelloBBM/translations'
make -C .//translations -f Makefile release
make[1]: Entering directory `C:/Users/Jason/Documents/blackberry-workspace/blackberry/HelloBBM/translations'
C:/bbndk/host_10_0_9_284/win32/x86/usr/bin/lrelease HelloBBM.pro
The directory name is invalid.
Updating 'C:/Users/Jason/Documents/blackberry-workspace/blackberry/HelloBBM/translations/HelloBBM.qm'...
    Generated 0 translation(s) (0 finished and 0 unfinished)
    Ignored 1 untranslated source text(s)
make[1]: Leaving directory `C:/Users/Jason/Documents/blackberry-workspace/blackberry/HelloBBM/translations'
make -C ./arm -f Makefile debug
make[1]: Entering directory `C:/Users/Jason/Documents/blackberry-workspace/blackberry/HelloBBM/arm'
make -f Makefile.Debug
make[2]: Entering directory `C:/Users/Jason/Documents/blackberry-workspace/blackberry/HelloBBM/arm'
qcc -Vgcc_ntoarmv7le -c -Wc,-include -Wc,o.le-v7-g/.obj/HelloBBM -Wno-psabi -lang-c++ -g -Wno-psabi -Wall -W -D_REENTRANT -DQT_NO_IMPORT_QT47_QML -DQ_OS_BLACKBERRY -DQT_DECLARATIVE_DEBUG -DQT_DECLARATIVE_LIB -DQT_CORE_LIB -DQT_SHARED -Ic:/bbndk/target_10_0_9_1101/qnx6/usr/share/qt4/mkspecs/blackberry-armv7le-qcc -I../../HelloBBM -Ic:/bbndk/target_10_0_9_1101/qnx6/usr/include/qt4/QtCore -Ic:/bbndk/target_10_0_9_1101/qnx6/usr/include/qt4/QtDeclarative -Ic:/bbndk/target_10_0_9_1101/qnx6/usr/include/qt4 -I../src -Io.le-v7-g/.moc -Ic:/bbndk/target_10_0_9_1101/qnx6/usr/include -Ic:/bbndk/target_10_0_9_1101/qnx6/usr/include/freetype2 -I. -o o.le-v7-g/.obj/HelloBBM.o ../src/HelloBBM.cpp
qcc -Vgcc_ntoarmv7le -lang-c++ -Wl,-rpath-link,C:/bbndk/target_10_0_9_1101/qnx6/armle-v7/lib -Wl,-rpath-link,C:/bbndk/target_10_0_9_1101/qnx6/armle-v7/usr/lib -Wl,-rpath-link,C:/bbndk/target_10_0_9_1101/qnx6/armle-v7/usr/lib/qt4/lib -o o.le-v7-g/HelloBBM o.le-v7-g/.obj/Global.o o.le-v7-g/.obj/HelloBBM.o o.le-v7-g/.obj/InviteToDownload.o o.le-v7-g/.obj/ProfileBox.o o.le-v7-g/.obj/RegistrationHandler.o o.le-v7-g/.obj/UpdateProfilePage.o o.le-v7-g/.obj/main.o o.le-v7-g/.obj/moc_HelloBBM.o o.le-v7-g/.obj/moc_InviteToDownload.o o.le-v7-g/.obj/moc_ProfileBox.o o.le-v7-g/.obj/moc_RegistrationHandler.o o.le-v7-g/.obj/moc_UpdateProfilePage.o    -LC:/bbndk/target_10_0_9_1101/qnx6/armle-v7/lib -LC:/bbndk/target_10_0_9_1101/qnx6/armle-v7/usr/lib -LC:/bbndk/target_10_0_9_1101/qnx6/armle-v7/usr/lib/qt4/lib -LC:/bbndk/target_10_0_9_1101/qnx6//usr/lib/qt4/lib -lbbplatformbbm -lbbcascades -lQtDeclarative -lQtScript -lQtSvg -lQtSql -lQtXmlPatterns -lQtGui -lQtNetwork -lsocket -lQtCore -lm -lbps 
make[2]: Leaving directory `C:/Users/Jason/Documents/blackberry-workspace/blackberry/HelloBBM/arm'
make[1]: Leaving directory `C:/Users/Jason/Documents/blackberry-workspace/blackberry/HelloBBM/arm'
Could not find qmake configuration directoryCould not find qmake configuration fileUsing OS scope before setting MAKEFILE_GENERATOR

**** Build Finished ****
