
**** Build of configuration Device-Debug for project jsonreadwrite ****

make all 
C:/bbndk/host_10_1_0_231/win32/x86/usr/bin/qmake -spec blackberry-armv7le-qcc -o arm/Makefile jsonreadwrite.pro CONFIG+=device
WARNING: Failure to find: ../src/*.h
WARNING: Failure to find: ../src/*.h
C:/bbndk/host_10_1_0_231/win32/x86/usr/bin/qmake -spec blackberry-x86-qcc -o x86/Makefile jsonreadwrite.pro CONFIG+=simulator
WARNING: Failure to find: ../src/*.h
WARNING: Failure to find: ../src/*.h
make -C ./arm -f Makefile all
make[1]: Entering directory `C:/Users/Jason/Documents/blackberry-workspace/blackberry/jsonreadwrite/arm'
make -f Makefile.Release all
make[2]: Entering directory `C:/Users/Jason/Documents/blackberry-workspace/blackberry/jsonreadwrite/arm'
make[2]: Nothing to be done for `all'.
make[2]: Leaving directory `C:/Users/Jason/Documents/blackberry-workspace/blackberry/jsonreadwrite/arm'
make -f Makefile.Debug all
make[2]: Entering directory `C:/Users/Jason/Documents/blackberry-workspace/blackberry/jsonreadwrite/arm'
make[2]: Nothing to be done for `all'.
make[2]: Leaving directory `C:/Users/Jason/Documents/blackberry-workspace/blackberry/jsonreadwrite/arm'
make[1]: Leaving directory `C:/Users/Jason/Documents/blackberry-workspace/blackberry/jsonreadwrite/arm'
make -C ./x86 -f Makefile all
make[1]: Entering directory `C:/Users/Jason/Documents/blackberry-workspace/blackberry/jsonreadwrite/x86'
make -f Makefile.Release all
make[2]: Entering directory `C:/Users/Jason/Documents/blackberry-workspace/blackberry/jsonreadwrite/x86'
make[2]: Nothing to be done for `all'.
make[2]: Leaving directory `C:/Users/Jason/Documents/blackberry-workspace/blackberry/jsonreadwrite/x86'
make -f Makefile.Debug all
make[2]: Entering directory `C:/Users/Jason/Documents/blackberry-workspace/blackberry/jsonreadwrite/x86'
make[2]: Nothing to be done for `all'.
make[2]: Leaving directory `C:/Users/Jason/Documents/blackberry-workspace/blackberry/jsonreadwrite/x86'
make[1]: Leaving directory `C:/Users/Jason/Documents/blackberry-workspace/blackberry/jsonreadwrite/x86'

**** Build Finished ****
