
**** Build of configuration Simulator-Debug for project qten ****

make -j4 Simulator-Debug 
make -C .//translations -f Makefile update
make[1]: Entering directory `C:/Users/Jason/Documents/blackberry-workspace/blackberry/qten/translations'
C:/bbndk/host_10_1_0_1/win32/x86/usr/bin/lupdate qten.pro
Updating 'qten.ts'...
    Found 2 source text(s) (1 new and 1 already existing)
make[1]: Leaving directory `C:/Users/Jason/Documents/blackberry-workspace/blackberry/qten/translations'
make -C .//translations -f Makefile release
make[1]: Entering directory `C:/Users/Jason/Documents/blackberry-workspace/blackberry/qten/translations'
C:/bbndk/host_10_1_0_1/win32/x86/usr/bin/lrelease qten.pro
The directory name is invalid.
Updating 'C:/Users/Jason/Documents/blackberry-workspace/blackberry/qten/translations/qten.qm'...
    Generated 0 translation(s) (0 finished and 0 unfinished)
    Ignored 2 untranslated source text(s)
make[1]: Leaving directory `C:/Users/Jason/Documents/blackberry-workspace/blackberry/qten/translations'
make -C ./x86 -f Makefile debug
make[1]: Entering directory `C:/Users/Jason/Documents/blackberry-workspace/blackberry/qten/x86'
c:/bbndk/host_10_1_0_1/win32/x86/usr/bin/qmake.exe -spec c:/bbndk/target_10_1_0_338/qnx6/usr/share/qt4/mkspecs/blackberry-x86-qcc CONFIG+=debug_and_release CONFIG+=simulator -o Makefile ../qten.pro
make[1]: Leaving directory `C:/Users/Jason/Documents/blackberry-workspace/blackberry/qten/x86'
make[1]: Entering directory `C:/Users/Jason/Documents/blackberry-workspace/blackberry/qten/x86'
make -f Makefile.Debug
make[2]: Entering directory `C:/Users/Jason/Documents/blackberry-workspace/blackberry/qten/x86'
make[2]: Nothing to be done for `first'.
make[2]: Leaving directory `C:/Users/Jason/Documents/blackberry-workspace/blackberry/qten/x86'
make[1]: Leaving directory `C:/Users/Jason/Documents/blackberry-workspace/blackberry/qten/x86'
Could not find qmake configuration directoryCould not find qmake configuration fileUsing OS scope before setting MAKEFILE_GENERATOR

**** Build Finished ****
