
**** Build of configuration Device-Debug for project SequentTiles ****

make -j4 Device-Debug 
make -C .//translations -f Makefile update
make[1]: Entering directory `C:/Users/Jason/Documents/blackberry-workspace/blackberry/SequentTiles/translations'
C:/bbndk/host_10_1_0_132/win32/x86/usr/bin/lupdate SequentTiles.pro
cd arm && C:/bbndk/host_10_1_0_132/win32/x86/usr/bin/qmake -spec blackberry-armv7le-qcc ../SequentTiles.pro CONFIG+=debug_and_release CONFIG+=device
Updating 'SequentTiles.ts'...
    Found 1 source text(s) (1 new and 0 already existing)
make[1]: Leaving directory `C:/Users/Jason/Documents/blackberry-workspace/blackberry/SequentTiles/translations'
make -C .//translations -f Makefile release
make[1]: Entering directory `C:/Users/Jason/Documents/blackberry-workspace/blackberry/SequentTiles/translations'
C:/bbndk/host_10_1_0_132/win32/x86/usr/bin/lrelease SequentTiles.pro
Updating 'C:/Users/Jason/Documents/blackberry-workspace/blackberry/SequentTiles/translations/SequentTiles.qm'...
    Generated 0 translation(s) (0 finished and 0 unfinished)
    Ignored 1 untranslated source text(s)
make[1]: Leaving directory `C:/Users/Jason/Documents/blackberry-workspace/blackberry/SequentTiles/translations'
make -C ./arm -f Makefile debug
make[1]: Entering directory `C:/Users/Jason/Documents/blackberry-workspace/blackberry/SequentTiles/arm'
make -f Makefile.Debug
make[2]: Entering directory `C:/Users/Jason/Documents/blackberry-workspace/blackberry/SequentTiles/arm'
C:/bbndk/host_10_1_0_132/win32/x86/usr/bin/moc.exe -DQT_NO_IMPORT_QT47_QML -DQ_OS_BLACKBERRY -DQT_DECLARATIVE_DEBUG -DQT_DECLARATIVE_LIB -DQT_CORE_LIB -DQT_SHARED -Ic:/bbndk/target_10_1_0_1020/qnx6/usr/share/qt4/mkspecs/blackberry-armv7le-qcc -I../../SequentTiles -Ic:/bbndk/target_10_1_0_1020/qnx6/usr/include/qt4/QtCore -Ic:/bbndk/target_10_1_0_1020/qnx6/usr/include/qt4/QtDeclarative -Ic:/bbndk/target_10_1_0_1020/qnx6/usr/include/qt4 -I../src -Io.le-v7-g/.moc -Ic:/bbndk/target_10_1_0_1020/qnx6/usr/include -Ic:/bbndk/target_10_1_0_1020/qnx6/usr/include/freetype2 -I. -D__QNXNTO__ ../src/applicationui.hpp -o o.le-v7-g/.moc/moc_applicationui.cpp
qcc -Vgcc_ntoarmv7le -Wno-psabi -lang-c++ -fstack-protector -fstack-protector-all -mcpu=cortex-a9 -g -Wno-psabi -Wall -W -D_REENTRANT -DQT_NO_IMPORT_QT47_QML -DQ_OS_BLACKBERRY -DQT_DECLARATIVE_DEBUG -DQT_DECLARATIVE_LIB -DQT_CORE_LIB -DQT_SHARED -Ic:/bbndk/target_10_1_0_1020/qnx6/usr/share/qt4/mkspecs/blackberry-armv7le-qcc -I../../SequentTiles -Ic:/bbndk/target_10_1_0_1020/qnx6/usr/include/qt4/QtCore -Ic:/bbndk/target_10_1_0_1020/qnx6/usr/include/qt4/QtDeclarative -Ic:/bbndk/target_10_1_0_1020/qnx6/usr/include/qt4 -I../src -Io.le-v7-g/.moc -Ic:/bbndk/target_10_1_0_1020/qnx6/usr/include -Ic:/bbndk/target_10_1_0_1020/qnx6/usr/include/freetype2 -I. -x c++-header -c ../precompiled.h -o o.le-v7-g/.obj/SequentTiles.gch/c++
qcc -Vgcc_ntoarmv7le -c -Wc,-include -Wc,o.le-v7-g/.obj/SequentTiles -Wno-psabi -lang-c++ -fstack-protector -fstack-protector-all -mcpu=cortex-a9 -g -Wno-psabi -Wall -W -D_REENTRANT -DQT_NO_IMPORT_QT47_QML -DQ_OS_BLACKBERRY -DQT_DECLARATIVE_DEBUG -DQT_DECLARATIVE_LIB -DQT_CORE_LIB -DQT_SHARED -Ic:/bbndk/target_10_1_0_1020/qnx6/usr/share/qt4/mkspecs/blackberry-armv7le-qcc -I../../SequentTiles -Ic:/bbndk/target_10_1_0_1020/qnx6/usr/include/qt4/QtCore -Ic:/bbndk/target_10_1_0_1020/qnx6/usr/include/qt4/QtDeclarative -Ic:/bbndk/target_10_1_0_1020/qnx6/usr/include/qt4 -I../src -Io.le-v7-g/.moc -Ic:/bbndk/target_10_1_0_1020/qnx6/usr/include -Ic:/bbndk/target_10_1_0_1020/qnx6/usr/include/freetype2 -I. -o o.le-v7-g/.obj/applicationui.o ../src/applicationui.cpp
qcc -Vgcc_ntoarmv7le -c -Wc,-include -Wc,o.le-v7-g/.obj/SequentTiles -Wno-psabi -lang-c++ -fstack-protector -fstack-protector-all -mcpu=cortex-a9 -g -Wno-psabi -Wall -W -D_REENTRANT -DQT_NO_IMPORT_QT47_QML -DQ_OS_BLACKBERRY -DQT_DECLARATIVE_DEBUG -DQT_DECLARATIVE_LIB -DQT_CORE_LIB -DQT_SHARED -Ic:/bbndk/target_10_1_0_1020/qnx6/usr/share/qt4/mkspecs/blackberry-armv7le-qcc -I../../SequentTiles -Ic:/bbndk/target_10_1_0_1020/qnx6/usr/include/qt4/QtCore -Ic:/bbndk/target_10_1_0_1020/qnx6/usr/include/qt4/QtDeclarative -Ic:/bbndk/target_10_1_0_1020/qnx6/usr/include/qt4 -I../src -Io.le-v7-g/.moc -Ic:/bbndk/target_10_1_0_1020/qnx6/usr/include -Ic:/bbndk/target_10_1_0_1020/qnx6/usr/include/freetype2 -I. -o o.le-v7-g/.obj/main.o ../src/main.cpp
qcc -Vgcc_ntoarmv7le -c -Wc,-include -Wc,o.le-v7-g/.obj/SequentTiles -Wno-psabi -lang-c++ -fstack-protector -fstack-protector-all -mcpu=cortex-a9 -g -Wno-psabi -Wall -W -D_REENTRANT -DQT_NO_IMPORT_QT47_QML -DQ_OS_BLACKBERRY -DQT_DECLARATIVE_DEBUG -DQT_DECLARATIVE_LIB -DQT_CORE_LIB -DQT_SHARED -Ic:/bbndk/target_10_1_0_1020/qnx6/usr/share/qt4/mkspecs/blackberry-armv7le-qcc -I../../SequentTiles -Ic:/bbndk/target_10_1_0_1020/qnx6/usr/include/qt4/QtCore -Ic:/bbndk/target_10_1_0_1020/qnx6/usr/include/qt4/QtDeclarative -Ic:/bbndk/target_10_1_0_1020/qnx6/usr/include/qt4 -I../src -Io.le-v7-g/.moc -Ic:/bbndk/target_10_1_0_1020/qnx6/usr/include -Ic:/bbndk/target_10_1_0_1020/qnx6/usr/include/freetype2 -I. -o o.le-v7-g/.obj/moc_applicationui.o o.le-v7-g/.moc/moc_applicationui.cpp
qcc -Vgcc_ntoarmv7le -lang-c++ -Wl,-rpath-link,C:/bbndk/target_10_1_0_1020/qnx6/armle-v7/lib -Wl,-rpath-link,C:/bbndk/target_10_1_0_1020/qnx6/armle-v7/usr/lib -Wl,-rpath-link,C:/bbndk/target_10_1_0_1020/qnx6/armle-v7/usr/lib/qt4/lib -o o.le-v7-g/SequentTiles o.le-v7-g/.obj/applicationui.o o.le-v7-g/.obj/main.o o.le-v7-g/.obj/moc_applicationui.o    -LC:/bbndk/target_10_1_0_1020/qnx6/armle-v7/lib -LC:/bbndk/target_10_1_0_1020/qnx6/armle-v7/usr/lib -LC:/bbndk/target_10_1_0_1020/qnx6/armle-v7/usr/lib/qt4/lib -LC:/bbndk/target_10_1_0_1020/qnx6//usr/lib/qt4/lib -lbbcascades -lQtDeclarative -lQtScript -lQtSvg -lQtSql -lsqlite3 -lz -lQtXmlPatterns -lQtGui -lQtNetwork -lsocket -lQtCore -lm -lbps 
make[2]: Leaving directory `C:/Users/Jason/Documents/blackberry-workspace/blackberry/SequentTiles/arm'
make[1]: Leaving directory `C:/Users/Jason/Documents/blackberry-workspace/blackberry/SequentTiles/arm'

**** Build Finished ****
