
**** Build of configuration Device-Debug for project tldr ****

make Device-Debug 
make -C .//translations -f Makefile update
make[1]: Entering directory `C:/Users/Jason/Downloads/tldr/tldr/translations'
C:/bbndk/host_10_1_0_132/win32/x86/usr/bin/lupdate tldr.pro
Updating 'tldr.ts'...
    Found 0 source text(s) (0 new and 0 already existing)
make[1]: Leaving directory `C:/Users/Jason/Downloads/tldr/tldr/translations'
make -C .//translations -f Makefile release
make[1]: Entering directory `C:/Users/Jason/Downloads/tldr/tldr/translations'
C:/bbndk/host_10_1_0_132/win32/x86/usr/bin/lrelease tldr.pro
Updating 'C:/Users/Jason/Downloads/tldr/tldr/translations/tldr.qm'...
    Generated 0 translation(s) (0 finished and 0 unfinished)
make[1]: Leaving directory `C:/Users/Jason/Downloads/tldr/tldr/translations'
make -C ./arm -f Makefile debug
make[1]: Entering directory `C:/Users/Jason/Downloads/tldr/tldr/arm'
c:/bbndk/host_10_1_0_132/win32/x86/usr/bin/qmake.exe -spec c:/bbndk/target_10_1_0_1020/qnx6/usr/share/qt4/mkspecs/blackberry-armv7le-qcc CONFIG+=debug_and_release CONFIG+=device -o Makefile ../tldr.pro
make[1]: Leaving directory `C:/Users/Jason/Downloads/tldr/tldr/arm'
make[1]: Entering directory `C:/Users/Jason/Downloads/tldr/tldr/arm'
make -f Makefile.Debug
make[2]: Entering directory `C:/Users/Jason/Downloads/tldr/tldr/arm'
make[2]: Nothing to be done for `first'.
make[2]: Leaving directory `C:/Users/Jason/Downloads/tldr/tldr/arm'
make[1]: Leaving directory `C:/Users/Jason/Downloads/tldr/tldr/arm'

**** Build Finished ****
