
**** Build of configuration Simulator-Debug for project WebView ****

make Simulator-Debug 
C:/bbndk/host_10_0_9_52/win32/x86/usr/bin/qmake -spec unsupported/blackberry-armv7le-qcc -o arm/Makefile WebView.pro CONFIG+=device
WARNING: Failure to find: ../src/*.h
WARNING: Failure to find: ../src/*.h
C:/bbndk/host_10_0_9_52/win32/x86/usr/bin/qmake -spec unsupported/blackberry-x86-qcc -o x86/Makefile WebView.pro CONFIG+=simulator
WARNING: Failure to find: ../src/*.h
WARNING: Failure to find: ../src/*.h
make -C ./translations -f Makefile update release
make[1]: Entering directory `C:/Users/Jason/Documents/blackberry-workspace/blackberry/WebView/translations'
C:/bbndk/host_10_0_9_52/win32/x86/usr/bin/lupdate WebView.pro
Updating 'WebView_en_GB.ts'...
    Found 5 source text(s) (0 new and 5 already existing)
Updating 'WebView_fr.ts'...
    Found 5 source text(s) (0 new and 5 already existing)
Updating 'WebView_it.ts'...
    Found 5 source text(s) (0 new and 5 already existing)
Updating 'WebView_de.ts'...
    Found 5 source text(s) (0 new and 5 already existing)
Updating 'WebView_es.ts'...
    Found 5 source text(s) (0 new and 5 already existing)
Updating 'WebView.ts'...
    Found 5 source text(s) (0 new and 5 already existing)
C:/bbndk/host_10_0_9_52/win32/x86/usr/bin/lrelease WebView.pro
Could not find qmake configuration directoryCould not read qmake configuration file C:/bbndk/target_10_0_9_386/qnx6/usr/share/qt4/mkspecs/qmake.confUsing OS scope before setting MAKEFILE_GENERATORC:/bbndk/target_10_0_9_386/qnx6/usr/share/qt4/mkspecs/features/debug_and_release.prf(1): Using OS scope before setting MAKEFILE_GENERATORC:/bbndk/target_10_0_9_386/qnx6/usr/share/qt4/mkspecs/features/qt.prf(4): Using OS scope before setting MAKEFILE_GENERATORC:/bbndk/target_10_0_9_386/qnx6/usr/share/qt4/mkspecs/features/qt.prf(36): Using OS scope before setting MAKEFILE_GENERATORC:/bbndk/target_10_0_9_386/qnx6/usr/share/qt4/mkspecs/features/qt.prf(197): 'qtAddLibrary' is not a recognized test functionC:/bbndk/target_10_0_9_386/qnx6/usr/share/qt4/mkspecs/features/qt.prf(197): 'qtAddLibrary' is not a recognized test functionC:/bbndk/target_10_0_9_386/qnx6/usr/share/qt4/mkspecs/features/qt.prf(197): 'qtAddLibrary' is not a recognized test functionC:/bbndk/target_10_0_9_386/qnx6/usr/share/qt4/mkspecs/features/qt.prf(197): 'qtAddLibrary' is not a recognized test functionC:/bbndk/target_10_0_9_386/qnx6/usr/share/qt4/mkspecs/features/qt.prf(197): 'qtAddLibrary' is not a recognized test functionC:/bbndk/target_10_0_9_386/qnx6/usr/share/qt4/mkspecs/features/qt.prf(197): 'qtAddLibrary' is not a recognized test functionC:/bbndk/target_10_0_9_386/qnx6/usr/share/qt4/mkspecs/features/qt.prf(197): 'qtAddLibrary' is not a recognized test functionC:/bbndk/target_10_0_9_386/qnx6/usr/share/qt4/mkspecs/features/qt.prf(213): Using OS scope before setting MAKEFILE_GENERATORC:/bbndk/target_10_0_9_386/qnx6/usr/share/qt4/mkspecs/features/moc.prf(3): 'qtPrepareTool' is not a recognized test functionC:/bbndk/target_10_0_9_386/qnx6/usr/share/qt4/mkspecs/features/moc.prf(12): Using OS scope before setting MAKEFILE_GENERATORC:/bbndk/target_10_0_9_386/qnx6/usr/share/qt4/mkspecs/features/moc.prf(97): Using OS scope before setting MAKEFILE_GENERATORC:/bbndk/target_10_0_9_386/qnx6/usr/share/qt4/mkspecs/features/uic.prf(108): Using OS scope before setting MAKEFILE_GENERATORThe directory name is invalid.
Updating 'C:/Users/Jason/Documents/blackberry-workspace/blackberry/WebView/translations/WebView_en_GB.qm'...
    Generated 0 translation(s) (0 finished and 0 unfinished)
    Ignored 5 untranslated source text(s)
Updating 'C:/Users/Jason/Documents/blackberry-workspace/blackberry/WebView/translations/WebView_fr.qm'...
    Generated 0 translation(s) (0 finished and 0 unfinished)
    Ignored 5 untranslated source text(s)
Updating 'C:/Users/Jason/Documents/blackberry-workspace/blackberry/WebView/translations/WebView_it.qm'...
    Generated 0 translation(s) (0 finished and 0 unfinished)
    Ignored 5 untranslated source text(s)
Updating 'C:/Users/Jason/Documents/blackberry-workspace/blackberry/WebView/translations/WebView_de.qm'...
    Generated 0 translation(s) (0 finished and 0 unfinished)
    Ignored 5 untranslated source text(s)
Updating 'C:/Users/Jason/Documents/blackberry-workspace/blackberry/WebView/translations/WebView_es.qm'...
    Generated 0 translation(s) (0 finished and 0 unfinished)
    Ignored 5 untranslated source text(s)
Updating 'C:/Users/Jason/Documents/blackberry-workspace/blackberry/WebView/translations/WebView.qm'...
    Generated 0 translation(s) (0 finished and 0 unfinished)
    Ignored 5 untranslated source text(s)
make[1]: Leaving directory `C:/Users/Jason/Documents/blackberry-workspace/blackberry/WebView/translations'
make -C ./x86 -f Makefile debug
make[1]: Entering directory `C:/Users/Jason/Documents/blackberry-workspace/blackberry/WebView/x86'
make -f Makefile.Debug
make[2]: Entering directory `C:/Users/Jason/Documents/blackberry-workspace/blackberry/WebView/x86'
make[2]: Nothing to be done for `first'.
make[2]: Leaving directory `C:/Users/Jason/Documents/blackberry-workspace/blackberry/WebView/x86'
make[1]: Leaving directory `C:/Users/Jason/Documents/blackberry-workspace/blackberry/WebView/x86'
Could not find qmake configuration directoryCould not find qmake configuration fileUsing OS scope before setting MAKEFILE_GENERATOR

**** Build Finished ****
