
**** Build of configuration Device-Debug for project Words_Plus ****

make Device-Debug 
make -C .//translations -f Makefile update
make[1]: Entering directory `C:/Users/Jason/Documents/blackberry-workspace/blackberry/Words_Plus/translations'
C:/bbndk/host_10_0_9_529/win32/x86/usr/bin/lupdate Words_Plus.pro
Updating 'Words_Plus.ts'...
    Found 1 source text(s) (0 new and 1 already existing)
make[1]: Leaving directory `C:/Users/Jason/Documents/blackberry-workspace/blackberry/Words_Plus/translations'
make -C .//translations -f Makefile release
make[1]: Entering directory `C:/Users/Jason/Documents/blackberry-workspace/blackberry/Words_Plus/translations'
C:/bbndk/host_10_0_9_529/win32/x86/usr/bin/lrelease Words_Plus.pro
The directory name is invalid.
Updating 'C:/Users/Jason/Documents/blackberry-workspace/blackberry/Words_Plus/translations/Words_Plus.qm'...
    Generated 0 translation(s) (0 finished and 0 unfinished)
    Ignored 1 untranslated source text(s)
make[1]: Leaving directory `C:/Users/Jason/Documents/blackberry-workspace/blackberry/Words_Plus/translations'
make -C ./arm -f Makefile debug
make[1]: Entering directory `C:/Users/Jason/Documents/blackberry-workspace/blackberry/Words_Plus/arm'
make -f Makefile.Debug
make[2]: Entering directory `C:/Users/Jason/Documents/blackberry-workspace/blackberry/Words_Plus/arm'
make[2]: Nothing to be done for `first'.
make[2]: Leaving directory `C:/Users/Jason/Documents/blackberry-workspace/blackberry/Words_Plus/arm'
Could not find qmake configuration directoryCould not find qmake configuration fileUsing OS scope before setting MAKEFILE_GENERATOR
make[1]: Leaving directory `C:/Users/Jason/Documents/blackberry-workspace/blackberry/Words_Plus/arm'

**** Build Finished ****
