
**** Build of configuration Device-Debug for project WordsPlusFree ****

make -j4 Device-Debug 
make -C .//translations -f Makefile update
make[1]: Entering directory `C:/Users/Jason/Documents/blackberry-workspace/blackberry/WordsPlusFree/translations'
C:/bbndk/host_10_1_0_231/win32/x86/usr/bin/lupdate WordsPlusFree.pro
Updating 'WordsPlusFree.ts'...
    Found 12 source text(s) (0 new and 12 already existing)
make[1]: Leaving directory `C:/Users/Jason/Documents/blackberry-workspace/blackberry/WordsPlusFree/translations'
make -C .//translations -f Makefile release
make[1]: Entering directory `C:/Users/Jason/Documents/blackberry-workspace/blackberry/WordsPlusFree/translations'
C:/bbndk/host_10_1_0_231/win32/x86/usr/bin/lrelease WordsPlusFree.pro
Updating 'C:/Users/Jason/Documents/blackberry-workspace/blackberry/WordsPlusFree/translations/WordsPlusFree.qm'...
    Generated 0 translation(s) (0 finished and 0 unfinished)
    Ignored 12 untranslated source text(s)
make[1]: Leaving directory `C:/Users/Jason/Documents/blackberry-workspace/blackberry/WordsPlusFree/translations'
make -C ./arm -f Makefile debug
make[1]: Entering directory `C:/Users/Jason/Documents/blackberry-workspace/blackberry/WordsPlusFree/arm'
c:/bbndk/host_10_1_0_231/win32/x86/usr/bin/qmake.exe -spec c:/bbndk/target_10_1_0_1720/qnx6/usr/share/qt4/mkspecs/blackberry-armv7le-qcc CONFIG+=debug_and_release CONFIG+=device -o Makefile ../WordsPlusFree.pro
make[1]: Leaving directory `C:/Users/Jason/Documents/blackberry-workspace/blackberry/WordsPlusFree/arm'
make[1]: Entering directory `C:/Users/Jason/Documents/blackberry-workspace/blackberry/WordsPlusFree/arm'
make -f Makefile.Debug
make[2]: Entering directory `C:/Users/Jason/Documents/blackberry-workspace/blackberry/WordsPlusFree/arm'
qcc -Vgcc_ntoarmv7le -c -Wc,-include -Wc,o.le-v7-g/.obj/WordsPlusFree -Wno-psabi -lang-c++ -fstack-protector -fstack-protector-all -mcpu=cortex-a9 -g -Wno-psabi -Wall -W -D_REENTRANT -DQT_NO_IMPORT_QT47_QML -DQ_OS_BLACKBERRY -DQT_DECLARATIVE_DEBUG -DQT_DECLARATIVE_LIB -DQT_NETWORK_LIB -DQT_CORE_LIB -DQT_SHARED -Ic:/bbndk/target_10_1_0_1720/qnx6/usr/share/qt4/mkspecs/blackberry-armv7le-qcc -I../../WordsPlusFree -Ic:/bbndk/target_10_1_0_1720/qnx6/usr/include/qt4/QtCore -Ic:/bbndk/target_10_1_0_1720/qnx6/usr/include/qt4/QtNetwork -Ic:/bbndk/target_10_1_0_1720/qnx6/usr/include/qt4/QtDeclarative -Ic:/bbndk/target_10_1_0_1720/qnx6/usr/include/qt4 -Ic:/bbndk/target_10_1_0_1720/qnx6/usr/include/qt4/QtSensors -I../src -Ic:/bbndk/target_10_1_0_1720/qnx6/usr/include/qt4 -Ic:/bbndk/target_10_1_0_1720/qnx6/usr/include/qt4/QtMobility -Io.le-v7-g/.moc -Ic:/bbndk/target_10_1_0_1720/qnx6/usr/include -Ic:/bbndk/target_10_1_0_1720/qnx6/usr/include/freetype2 -I. -o o.le-v7-g/.obj/Wordnik.o ../src/Wordnik.cpp
C:/bbndk/host_10_1_0_231/win32/x86/usr/bin/moc.exe -DQT_NO_IMPORT_QT47_QML -DQ_OS_BLACKBERRY -DQT_DECLARATIVE_DEBUG -DQT_DECLARATIVE_LIB -DQT_NETWORK_LIB -DQT_CORE_LIB -DQT_SHARED -Ic:/bbndk/target_10_1_0_1720/qnx6/usr/share/qt4/mkspecs/blackberry-armv7le-qcc -I../../WordsPlusFree -Ic:/bbndk/target_10_1_0_1720/qnx6/usr/include/qt4/QtCore -Ic:/bbndk/target_10_1_0_1720/qnx6/usr/include/qt4/QtNetwork -Ic:/bbndk/target_10_1_0_1720/qnx6/usr/include/qt4/QtDeclarative -Ic:/bbndk/target_10_1_0_1720/qnx6/usr/include/qt4 -Ic:/bbndk/target_10_1_0_1720/qnx6/usr/include/qt4/QtSensors -I../src -Ic:/bbndk/target_10_1_0_1720/qnx6/usr/include/qt4 -Ic:/bbndk/target_10_1_0_1720/qnx6/usr/include/qt4/QtMobility -Io.le-v7-g/.moc -Ic:/bbndk/target_10_1_0_1720/qnx6/usr/include -Ic:/bbndk/target_10_1_0_1720/qnx6/usr/include/freetype2 -I. -D__QNXNTO__ ../src/Wordnik.hpp -o o.le-v7-g/.moc/moc_Wordnik.cpp
qcc -Vgcc_ntoarmv7le -c -Wc,-include -Wc,o.le-v7-g/.obj/WordsPlusFree -Wno-psabi -lang-c++ -fstack-protector -fstack-protector-all -mcpu=cortex-a9 -g -Wno-psabi -Wall -W -D_REENTRANT -DQT_NO_IMPORT_QT47_QML -DQ_OS_BLACKBERRY -DQT_DECLARATIVE_DEBUG -DQT_DECLARATIVE_LIB -DQT_NETWORK_LIB -DQT_CORE_LIB -DQT_SHARED -Ic:/bbndk/target_10_1_0_1720/qnx6/usr/share/qt4/mkspecs/blackberry-armv7le-qcc -I../../WordsPlusFree -Ic:/bbndk/target_10_1_0_1720/qnx6/usr/include/qt4/QtCore -Ic:/bbndk/target_10_1_0_1720/qnx6/usr/include/qt4/QtNetwork -Ic:/bbndk/target_10_1_0_1720/qnx6/usr/include/qt4/QtDeclarative -Ic:/bbndk/target_10_1_0_1720/qnx6/usr/include/qt4 -Ic:/bbndk/target_10_1_0_1720/qnx6/usr/include/qt4/QtSensors -I../src -Ic:/bbndk/target_10_1_0_1720/qnx6/usr/include/qt4 -Ic:/bbndk/target_10_1_0_1720/qnx6/usr/include/qt4/QtMobility -Io.le-v7-g/.moc -Ic:/bbndk/target_10_1_0_1720/qnx6/usr/include -Ic:/bbndk/target_10_1_0_1720/qnx6/usr/include/freetype2 -I. -o o.le-v7-g/.obj/moc_Wordnik.o o.le-v7-g/.moc/moc_Wordnik.cpp
../src/Wordnik.cpp:33:16: warning: unused parameter 'date' [-Wunused-parameter]
../src/Wordnik.cpp:38:16: warning: unused parameter 'size' [-Wunused-parameter]
qcc -Vgcc_ntoarmv7le -lang-c++ -Wl,-rpath-link,C:/bbndk/target_10_1_0_1720/qnx6/armle-v7/lib -Wl,-rpath-link,C:/bbndk/target_10_1_0_1720/qnx6/armle-v7/usr/lib -Wl,-rpath-link,C:/bbndk/target_10_1_0_1720/qnx6/armle-v7/usr/lib/qt4/lib -o o.le-v7-g/WordsPlusFree o.le-v7-g/.obj/ActiveFrame.o o.le-v7-g/.obj/Countly.o o.le-v7-g/.obj/CountlyDatabase.o o.le-v7-g/.obj/CountlyEvent.o o.le-v7-g/.obj/CountlyLog.o o.le-v7-g/.obj/CountlyLogStream.o o.le-v7-g/.obj/CountlyMetrics.o o.le-v7-g/.obj/CountlyQueue.o o.le-v7-g/.obj/CountlyQueueProcessor.o o.le-v7-g/.obj/CountlyQueuedUrl.o o.le-v7-g/.obj/CountlySentry.o o.le-v7-g/.obj/GameSettings.o o.le-v7-g/.obj/Global.o o.le-v7-g/.obj/InviteToDownload.o o.le-v7-g/.obj/OrientationSensor.o o.le-v7-g/.obj/PaymentServiceControl.o o.le-v7-g/.obj/ProfileBox.o o.le-v7-g/.obj/RegistrationHandler.o o.le-v7-g/.obj/ScoreLoopThread.o o.le-v7-g/.obj/UpdateProfile.o o.le-v7-g/.obj/Wordnik.o o.le-v7-g/.obj/applicationui.o o.le-v7-g/.obj/json.o o.le-v7-g/.obj/main.o o.le-v7-g/.obj/soundmanager.o o.le-v7-g/.obj/timer.o o.le-v7-g/.obj/wordsearch.o o.le-v7-g/.obj/moc_ActiveFrame.o o.le-v7-g/.obj/moc_Countly.o o.le-v7-g/.obj/moc_CountlyDatabase.o o.le-v7-g/.obj/moc_CountlyEvent.o o.le-v7-g/.obj/moc_CountlyLog.o o.le-v7-g/.obj/moc_CountlyQueue.o o.le-v7-g/.obj/moc_CountlyQueueProcessor.o o.le-v7-g/.obj/moc_CountlyQueuedUrl.o o.le-v7-g/.obj/moc_GameSettings.o o.le-v7-g/.obj/moc_InviteToDownload.o o.le-v7-g/.obj/moc_OrientationSensor.o o.le-v7-g/.obj/moc_PaymentServiceControl.o o.le-v7-g/.obj/moc_ProfileBox.o o.le-v7-g/.obj/moc_RegistrationHandler.o o.le-v7-g/.obj/moc_ScoreLoopThread.o o.le-v7-g/.obj/moc_UpdateProfile.o o.le-v7-g/.obj/moc_Wordnik.o o.le-v7-g/.obj/moc_applicationui.o o.le-v7-g/.obj/moc_timer.o    -LC:/bbndk/target_10_1_0_1720/qnx6/armle-v7/lib -LC:/bbndk/target_10_1_0_1720/qnx6/armle-v7/usr/lib -LC:/bbndk/target_10_1_0_1720/qnx6/armle-v7/usr/lib/qt4/lib -LC:/bbndk/target_10_1_0_1720/qnx6//usr/lib/qt4/lib -lscoreloopcore -lbbsystem -lbbmultimedia -lOpenAL -lalut -lasound -lbbplatformbbm -lbbcascadesadvertisement -lbb -lbbdata -lbbplatform -lbbdevice -LC:/bbndk/target_10_1_0_1720/qnx6/usr/share/qt4/lib -lQtSensors -lbbcascades -lQtDeclarative -lQtScript -lQtSvg -lQtSql -lsqlite3 -lz -lQtXmlPatterns -lQtGui -lQtNetwork -lsocket -lQtCore -lm -lbps 
make[2]: Leaving directory `C:/Users/Jason/Documents/blackberry-workspace/blackberry/WordsPlusFree/arm'
make[1]: Leaving directory `C:/Users/Jason/Documents/blackberry-workspace/blackberry/WordsPlusFree/arm'

**** Build Finished ****
