
**** Build of configuration Default for project WordsPlus ****

make Device-Debug 
/Applications/bbndk/host_10_0_9_52/darwin/x86/usr/bin/qmake -spec unsupported/blackberry-armv7le-qcc -o arm/Makefile WordsPlus.pro CONFIG+=device
/Applications/bbndk/host_10_0_9_52/darwin/x86/usr/bin/qmake -spec unsupported/blackberry-x86-qcc -o x86/Makefile WordsPlus.pro CONFIG+=simulator
make -C ./translations -f Makefile update release
make[1]: Entering directory `/Users/jaiaca/blackberry/WordsPlus/translations'
/Applications/bbndk/host_10_0_9_52/darwin/x86/usr/bin/lupdate WordsPlus.pro
Updating 'WordsPlus_en_GB.ts'...
    Found 0 source text(s) (0 new and 0 already existing)
Updating 'WordsPlus_fr.ts'...
    Found 0 source text(s) (0 new and 0 already existing)
Updating 'WordsPlus_it.ts'...
    Found 0 source text(s) (0 new and 0 already existing)
Updating 'WordsPlus_de.ts'...
    Found 0 source text(s) (0 new and 0 already existing)
Updating 'WordsPlus_es.ts'...
    Found 0 source text(s) (0 new and 0 already existing)
Updating 'WordsPlus.ts'...
    Found 0 source text(s) (0 new and 0 already existing)
/Applications/bbndk/host_10_0_9_52/darwin/x86/usr/bin/lrelease WordsPlus.pro
Updating '/Users/jaiaca/blackberry/WordsPlus/translations/WordsPlus_en_GB.qm'...
    Generated 0 translation(s) (0 finished and 0 unfinished)
Updating '/Users/jaiaca/blackberry/WordsPlus/translations/WordsPlus_fr.qm'...
    Generated 0 translation(s) (0 finished and 0 unfinished)
Updating '/Users/jaiaca/blackberry/WordsPlus/translations/WordsPlus_it.qm'...
    Generated 0 translation(s) (0 finished and 0 unfinished)
Updating '/Users/jaiaca/blackberry/WordsPlus/translations/WordsPlus_de.qm'...
    Generated 0 translation(s) (0 finished and 0 unfinished)
Updating '/Users/jaiaca/blackberry/WordsPlus/translations/WordsPlus_es.qm'...
    Generated 0 translation(s) (0 finished and 0 unfinished)
Updating '/Users/jaiaca/blackberry/WordsPlus/translations/WordsPlus.qm'...
    Generated 0 translation(s) (0 finished and 0 unfinished)
make[1]: Leaving directory `/Users/jaiaca/blackberry/WordsPlus/translations'
make -C ./arm -f Makefile debug
make[1]: Entering directory `/Users/jaiaca/blackberry/WordsPlus/arm'
make -f Makefile.Debug
make[2]: Entering directory `/Users/jaiaca/blackberry/WordsPlus/arm'
qcc -Vgcc_ntoarmv7le -c -fstack-protector-strong -Wno-psabi -lang-c++ -g -Wno-psabi -Wall -W -D_REENTRANT -DQ_OS_BLACKBERRY -DQT_NO_IMPORT_QT47_QML -DQT_DECLARATIVE_LIB -DQT_SCRIPT_LIB -DQT_SVG_LIB -DQT_SQL_LIB -DQT_XMLPATTERNS_LIB -DQT_XML_LIB -DQT_GUI_LIB -DQT_NETWORK_LIB -DQT_CORE_LIB -I/Applications/bbndk/target_10_0_9_386/qnx6/usr/share/qt4/mkspecs/unsupported/blackberry-armv7le-qcc -I../../WordsPlus -I/Applications/bbndk/target_10_0_9_386/qnx6/usr/include/qt4/QtCore -I/Applications/bbndk/target_10_0_9_386/qnx6/usr/include/qt4/QtNetwork -I/Applications/bbndk/target_10_0_9_386/qnx6/usr/include/qt4/QtGui -I/Applications/bbndk/target_10_0_9_386/qnx6/usr/include/qt4/QtXml -I/Applications/bbndk/target_10_0_9_386/qnx6/usr/include/qt4/QtXmlPatterns -I/Applications/bbndk/target_10_0_9_386/qnx6/usr/include/qt4/QtSql -I/Applications/bbndk/target_10_0_9_386/qnx6/usr/include/qt4/QtSvg -I/Applications/bbndk/target_10_0_9_386/qnx6/usr/include/qt4/QtScript -I/Applications/bbndk/target_10_0_9_386/qnx6/usr/include/qt4/QtDeclarative -I/Applications/bbndk/target_10_0_9_386/qnx6/usr/include/qt4 -I../src -Io.le-v7-g/.moc -I/Applications/bbndk/target_10_0_9_386/qnx6/usr/include -I/Applications/bbndk/target_10_0_9_386/qnx6/usr/include/freetype2 -I. -o o.le-v7-g/.obj/WordsPlus.o ../src/WordsPlus.cpp
qcc -Vgcc_ntoarmv7le -lang-c++ -Wl,-rpath-link,/Applications/bbndk/target_10_0_9_386/qnx6/armle-v7/lib -Wl,-rpath-link,/Applications/bbndk/target_10_0_9_386/qnx6/armle-v7/usr/lib -o o.le-v7-g/WordsPlus o.le-v7-g/.obj/ActiveFrame.o o.le-v7-g/.obj/GameSettings.o o.le-v7-g/.obj/Global.o o.le-v7-g/.obj/InviteToDownload.o o.le-v7-g/.obj/main.o o.le-v7-g/.obj/ProfileBox.o o.le-v7-g/.obj/RegistrationHandler.o o.le-v7-g/.obj/soundmanager.o o.le-v7-g/.obj/timer.o o.le-v7-g/.obj/UpdateProfilePage.o o.le-v7-g/.obj/wordsearch.o o.le-v7-g/.obj/WordsPlus.o o.le-v7-g/.obj/moc_GameSettings.o o.le-v7-g/.obj/moc_InviteToDownload.o o.le-v7-g/.obj/moc_ProfileBox.o o.le-v7-g/.obj/moc_RegistrationHandler.o o.le-v7-g/.obj/moc_timer.o o.le-v7-g/.obj/moc_UpdateProfilePage.o o.le-v7-g/.obj/moc_WordsPlus.o o.le-v7-g/.obj/moc_ActiveFrame.o    -L/Applications/bbndk/target_10_0_9_386/qnx6/armle-v7/lib -L/Applications/bbndk/target_10_0_9_386/qnx6/armle-v7/usr/lib -L/Applications/bbndk/target_10_0_9_386/qnx6/armle-v7/usr/lib/qt4/lib -L/Applications/bbndk/lib -lm -lbps -lbbsystem -lscoreloopcore -lbbmultimedia -lOpenAL -lalut -lasound -lbbplatformbbm -lbb -lbbcascades -lQtDeclarative -lQtScript -lQtSvg -lQtSql -lQtXmlPatterns -lQtXml -lQtGui -lQtNetwork -lQtCore 
make[2]: Leaving directory `/Users/jaiaca/blackberry/WordsPlus/arm'
Could not find qmake configuration directoryCould not read qmake configuration file /Applications/bbndk/target_10_0_9_386/qnx6/usr/share/qt4/mkspecs/qmake.confUsing OS scope before setting MAKEFILE_GENERATOR/Applications/bbndk/target_10_0_9_386/qnx6/usr/share/qt4/mkspecs/features/debug_and_release.prf(1): Using OS scope before setting MAKEFILE_GENERATOR/Applications/bbndk/target_10_0_9_386/qnx6/usr/share/qt4/mkspecs/features/qt.prf(4): Using OS scope before setting MAKEFILE_GENERATOR/Applications/bbndk/target_10_0_9_386/qnx6/usr/share/qt4/mkspecs/features/qt.prf(36): Using OS scope before setting MAKEFILE_GENERATOR/Applications/bbndk/target_10_0_9_386/qnx6/usr/share/qt4/mkspecs/features/qt.prf(197): 'qtAddLibrary' is not a recognized test function/Applications/bbndk/target_10_0_9_386/qnx6/usr/share/qt4/mkspecs/features/qt.prf(197): 'qtAddLibrary' is not a recognized test function/Applications/bbndk/target_10_0_9_386/qnx6/usr/share/qt4/mkspecs/features/qt.prf(197): 'qtAddLibrary' is not a recognized test function/Applications/bbndk/target_10_0_9_386/qnx6/usr/share/qt4/mkspecs/features/qt.prf(197): 'qtAddLibrary' is not a recognized test function/Applications/bbndk/target_10_0_9_386/qnx6/usr/share/qt4/mkspecs/features/qt.prf(197): 'qtAddLibrary' is not a recognized test function/Applications/bbndk/target_10_0_9_386/qnx6/usr/share/qt4/mkspecs/features/qt.prf(197): 'qtAddLibrary' is not a recognized test function/Applications/bbndk/target_10_0_9_386/qnx6/usr/share/qt4/mkspecs/features/qt.prf(197): 'qtAddLibrary' is not a recognized test function/Applications/bbndk/target_10_0_9_386/qnx6/usr/share/qt4/mkspecs/features/qt.prf(213): Using OS scope before setting MAKEFILE_GENERATOR/Applications/bbndk/target_10_0_9_386/qnx6/usr/share/qt4/mkspecs/features/moc.prf(3): 'qtPrepareTool' is not a recognized test function/Applications/bbndk/target_10_0_9_386/qnx6/usr/share/qt4/mkspecs/features/moc.prf(12): Using OS scope before setting MAKEFILE_GENERATOR/Applications/bbndk/target_10_0_9_386/qnx6/usr/share/qt4/mkspecs/features/moc.prf(97): Using OS scope before setting MAKEFILE_GENERATOR/Applications/bbndk/target_10_0_9_386/qnx6/usr/share/qt4/mkspecs/features/uic.prf(108): Using OS scope before setting MAKEFILE_GENERATORCould not find qmake configuration directoryCould not read qmake configuration file /Applications/bbndk/target_10_0_9_386/qnx6/usr/share/qt4/mkspecs/qmake.confUsing OS scope before setting MAKEFILE_GENERATOR/Applications/bbndk/target_10_0_9_386/qnx6/usr/share/qt4/mkspecs/features/debug_and_release.prf(1): Using OS scope before setting MAKEFILE_GENERATOR/Applications/bbndk/target_10_0_9_386/qnx6/usr/share/qt4/mkspecs/features/qt.prf(4): Using OS scope before setting MAKEFILE_GENERATOR/Applications/bbndk/target_10_0_9_386/qnx6/usr/share/qt4/mkspecs/features/qt.prf(36): Using OS scope before setting MAKEFILE_GENERATOR/Applications/bbndk/target_10_0_9_386/qnx6/usr/share/qt4/mkspecs/features/qt.prf(197): 'qtAddLibrary' is not a recognized test function/Applications/bbndk/target_10_0_9_386/qnx6/usr/share/qt4/mkspecs/features/qt.prf(197): 'qtAddLibrary' is not a recognized test function/Applications/bbndk/target_10_0_9_386/qnx6/usr/share/qt4/mkspecs/features/qt.prf(197): 'qtAddLibrary' is not a recognized test function/Applications/bbndk/target_10_0_9_386/qnx6/usr/share/qt4/mkspecs/features/qt.prf(197): 'qtAddLibrary' is not a recognized test function/Applications/bbndk/target_10_0_9_386/qnx6/usr/share/qt4/mkspecs/features/qt.prf(197): 'qtAddLibrary' is not a recognized test function/Applications/bbndk/target_10_0_9_386/qnx6/usr/share/qt4/mkspecs/features/qt.prf(197): 'qtAddLibrary' is not a recognized test function/Applications/bbndk/target_10_0_9_386/qnx6/usr/share/qt4/mkspecs/features/qt.prf(197): 'qtAddLibrary' is not a recognized test function/Applications/bbndk/target_10_0_9_386/qnx6/usr/share/qt4/mkspecs/features/qt.prf(213): Using OS scope before setting MAKEFILE_GENERATOR/Applications/bbndk/target_10_0_9_386/qnx6/usr/share/qt4/mkspecs/features/moc.prf(3): 'qtPrepareTool' is not a recognized test function/Applications/bbndk/target_10_0_9_386/qnx6/usr/share/qt4/mkspecs/features/moc.prf(12): Using OS scope before setting MAKEFILE_GENERATOR/Applications/bbndk/target_10_0_9_386/qnx6/usr/share/qt4/mkspecs/features/moc.prf(97): Using OS scope before setting MAKEFILE_GENERATOR/Applications/bbndk/target_10_0_9_386/qnx6/usr/share/qt4/mkspecs/features/uic.prf(108): Using OS scope before setting MAKEFILE_GENERATOR
make[1]: Leaving directory `/Users/jaiaca/blackberry/WordsPlus/arm'

**** Build Finished ****
